mode: set
github.com/aura/aura/internal/wiki/parser.go:29.75,35.2 1 1
github.com/aura/aura/internal/wiki/parser.go:40.113,42.16 2 1
github.com/aura/aura/internal/wiki/parser.go:42.16,44.3 1 1
github.com/aura/aura/internal/wiki/parser.go:46.2,49.55 3 1
github.com/aura/aura/internal/wiki/parser.go:49.55,50.64 1 1
github.com/aura/aura/internal/wiki/parser.go:50.64,52.4 1 0
github.com/aura/aura/internal/wiki/parser.go:53.3,53.19 1 1
github.com/aura/aura/internal/wiki/parser.go:54.8,56.3 1 0
github.com/aura/aura/internal/wiki/parser.go:58.2,63.64 2 0
github.com/aura/aura/internal/wiki/parser.go:66.138,71.58 4 0
github.com/aura/aura/internal/wiki/parser.go:71.58,95.17 14 0
github.com/aura/aura/internal/wiki/parser.go:95.17,97.12 2 0
github.com/aura/aura/internal/wiki/parser.go:100.3,103.17 3 0
github.com/aura/aura/internal/wiki/parser.go:103.17,106.12 3 0
github.com/aura/aura/internal/wiki/parser.go:109.3,112.40 3 0
github.com/aura/aura/internal/wiki/parser.go:112.40,114.12 2 0
github.com/aura/aura/internal/wiki/parser.go:117.3,117.64 1 0
github.com/aura/aura/internal/wiki/parser.go:117.64,119.4 1 0
github.com/aura/aura/internal/wiki/parser.go:121.3,122.19 2 0
github.com/aura/aura/internal/wiki/parser.go:125.2,125.99 1 0
github.com/aura/aura/internal/wiki/parser.go:129.49,132.39 2 1
github.com/aura/aura/internal/wiki/parser.go:132.39,133.56 1 1
github.com/aura/aura/internal/wiki/parser.go:133.56,135.4 1 1
github.com/aura/aura/internal/wiki/parser.go:139.2,139.29 1 1
github.com/aura/aura/internal/wiki/parser.go:144.42,148.40 2 1
github.com/aura/aura/internal/wiki/parser.go:148.40,150.3 1 0
github.com/aura/aura/internal/wiki/parser.go:153.2,155.38 2 1
github.com/aura/aura/internal/wiki/parser.go:155.38,157.3 1 1
github.com/aura/aura/internal/wiki/parser.go:157.8,157.64 1 0
github.com/aura/aura/internal/wiki/parser.go:157.64,159.3 1 0
github.com/aura/aura/internal/wiki/parser.go:161.2,162.20 2 1
github.com/aura/aura/internal/wiki/parser.go:162.20,164.3 1 0
github.com/aura/aura/internal/wiki/parser.go:166.2,172.66 3 1
github.com/aura/aura/internal/wiki/parser.go:172.66,174.3 1 1
github.com/aura/aura/internal/wiki/parser.go:174.8,174.110 1 0
github.com/aura/aura/internal/wiki/parser.go:174.110,176.3 1 0
github.com/aura/aura/internal/wiki/parser.go:178.2,179.33 2 1
github.com/aura/aura/internal/wiki/parser.go:179.33,181.3 1 1
github.com/aura/aura/internal/wiki/parser.go:183.2,184.65 2 1
github.com/aura/aura/internal/wiki/parser.go:184.65,186.3 1 0
github.com/aura/aura/internal/wiki/parser.go:187.2,188.19 2 1
github.com/aura/aura/internal/wiki/parser.go:192.41,193.30 1 1
github.com/aura/aura/internal/wiki/parser.go:193.30,195.68 1 1
github.com/aura/aura/internal/wiki/parser.go:195.68,197.32 1 1
github.com/aura/aura/internal/wiki/parser.go:197.32,200.98 2 1
github.com/aura/aura/internal/wiki/parser.go:200.98,202.6 1 1
github.com/aura/aura/internal/wiki/parser.go:206.2,206.11 1 0
github.com/aura/aura/internal/wiki/parser.go:210.49,213.69 2 1
github.com/aura/aura/internal/wiki/parser.go:213.69,215.54 2 1
github.com/aura/aura/internal/wiki/parser.go:215.54,217.4 1 1
github.com/aura/aura/internal/wiki/parser.go:218.8,218.64 1 1
github.com/aura/aura/internal/wiki/parser.go:218.64,220.54 2 0
github.com/aura/aura/internal/wiki/parser.go:220.54,222.4 1 0
github.com/aura/aura/internal/wiki/parser.go:225.2,228.16 3 1
github.com/aura/aura/internal/wiki/parser.go:228.16,230.3 1 1
github.com/aura/aura/internal/wiki/parser.go:232.2,232.18 1 1
github.com/aura/aura/internal/wiki/parser.go:236.44,261.16 3 1
github.com/aura/aura/internal/wiki/parser.go:261.16,263.3 1 0
github.com/aura/aura/internal/wiki/parser.go:265.2,269.21 5 1
github.com/aura/aura/internal/wiki/parser.go:269.21,271.42 2 1
github.com/aura/aura/internal/wiki/parser.go:271.42,273.4 1 1
github.com/aura/aura/internal/wiki/parser.go:276.2,276.25 1 1
github.com/aura/aura/internal/wiki/schema.go:39.42,41.2 1 1
github.com/aura/aura/internal/wiki/schema.go:45.44,47.52 2 1
github.com/aura/aura/internal/wiki/schema.go:47.52,49.3 1 1
github.com/aura/aura/internal/wiki/schema.go:51.2,52.51 2 1
github.com/aura/aura/internal/wiki/schema.go:52.51,53.68 1 1
github.com/aura/aura/internal/wiki/schema.go:53.68,55.4 1 1
github.com/aura/aura/internal/wiki/schema.go:57.2,57.19 1 1
github.com/aura/aura/internal/wiki/schema.go:61.33,64.22 2 1
github.com/aura/aura/internal/wiki/schema.go:64.22,66.3 1 1
github.com/aura/aura/internal/wiki/schema.go:66.8,66.34 1 1
github.com/aura/aura/internal/wiki/schema.go:66.34,68.3 1 0
github.com/aura/aura/internal/wiki/schema.go:70.2,70.21 1 1
github.com/aura/aura/internal/wiki/schema.go:70.21,72.3 1 1
github.com/aura/aura/internal/wiki/schema.go:74.2,74.25 1 1
github.com/aura/aura/internal/wiki/schema.go:74.25,76.3 1 1
github.com/aura/aura/internal/wiki/schema.go:77.2,77.32 1 1
github.com/aura/aura/internal/wiki/schema.go:77.32,78.20 1 1
github.com/aura/aura/internal/wiki/schema.go:78.20,80.4 1 0
github.com/aura/aura/internal/wiki/schema.go:83.2,83.29 1 1
github.com/aura/aura/internal/wiki/schema.go:83.29,85.3 1 0
github.com/aura/aura/internal/wiki/schema.go:87.2,87.35 1 1
github.com/aura/aura/internal/wiki/schema.go:87.35,88.21 1 0
github.com/aura/aura/internal/wiki/schema.go:88.21,90.4 1 0
github.com/aura/aura/internal/wiki/schema.go:93.2,93.28 1 1
github.com/aura/aura/internal/wiki/schema.go:93.28,95.3 1 0
github.com/aura/aura/internal/wiki/schema.go:96.2,96.35 1 1
github.com/aura/aura/internal/wiki/schema.go:96.35,97.21 1 0
github.com/aura/aura/internal/wiki/schema.go:97.21,99.4 1 0
github.com/aura/aura/internal/wiki/schema.go:102.2,102.48 1 1
github.com/aura/aura/internal/wiki/schema.go:102.48,104.3 1 1
github.com/aura/aura/internal/wiki/schema.go:106.2,106.30 1 1
github.com/aura/aura/internal/wiki/schema.go:106.30,108.3 1 1
github.com/aura/aura/internal/wiki/schema.go:108.8,108.61 1 1
github.com/aura/aura/internal/wiki/schema.go:108.61,110.3 1 1
github.com/aura/aura/internal/wiki/schema.go:112.2,112.26 1 1
github.com/aura/aura/internal/wiki/schema.go:112.26,114.3 1 0
github.com/aura/aura/internal/wiki/schema.go:114.8,114.75 1 1
github.com/aura/aura/internal/wiki/schema.go:114.75,116.3 1 1
github.com/aura/aura/internal/wiki/schema.go:118.2,118.26 1 1
github.com/aura/aura/internal/wiki/schema.go:118.26,120.3 1 0
github.com/aura/aura/internal/wiki/schema.go:120.8,120.75 1 1
github.com/aura/aura/internal/wiki/schema.go:120.75,122.3 1 1
github.com/aura/aura/internal/wiki/schema.go:124.2,124.19 1 1
github.com/aura/aura/internal/wiki/schema.go:124.19,126.3 1 1
github.com/aura/aura/internal/wiki/schema.go:127.2,127.12 1 1
github.com/aura/aura/internal/wiki/schema.go:131.45,135.28 4 0
github.com/aura/aura/internal/wiki/schema.go:135.28,137.18 2 0
github.com/aura/aura/internal/wiki/schema.go:137.18,140.4 2 0
github.com/aura/aura/internal/wiki/schema.go:142.2,142.14 1 0
github.com/aura/aura/internal/wiki/schema.go:146.32,150.22 4 1
github.com/aura/aura/internal/wiki/schema.go:150.22,151.67 1 1
github.com/aura/aura/internal/wiki/schema.go:151.67,153.4 1 1
github.com/aura/aura/internal/wiki/schema.go:153.9,153.40 1 1
github.com/aura/aura/internal/wiki/schema.go:153.40,155.4 1 0
github.com/aura/aura/internal/wiki/schema.go:155.9,155.21 1 1
github.com/aura/aura/internal/wiki/schema.go:155.21,157.4 1 0
github.com/aura/aura/internal/wiki/schema.go:157.9,157.46 1 1
github.com/aura/aura/internal/wiki/schema.go:157.46,159.4 1 1
github.com/aura/aura/internal/wiki/schema.go:161.2,162.37 2 1
github.com/aura/aura/internal/wiki/schema.go:162.37,164.3 1 1
github.com/aura/aura/internal/wiki/schema.go:165.2,166.18 2 1
github.com/aura/aura/internal/wiki/schema.go:166.18,168.3 1 1
github.com/aura/aura/internal/wiki/schema.go:169.2,169.15 1 1
github.com/aura/aura/internal/wiki/schema.go:173.51,175.16 2 1
github.com/aura/aura/internal/wiki/schema.go:175.16,177.3 1 0
github.com/aura/aura/internal/wiki/schema.go:178.2,178.39 1 1
github.com/aura/aura/internal/wiki/schema.go:178.39,180.3 1 1
github.com/aura/aura/internal/wiki/schema.go:181.2,181.18 1 1
github.com/aura/aura/internal/wiki/store.go:30.64,31.47 1 1
github.com/aura/aura/internal/wiki/store.go:31.47,33.3 1 0
github.com/aura/aura/internal/wiki/store.go:34.2,34.19 1 1
github.com/aura/aura/internal/wiki/store.go:34.19,36.3 1 0
github.com/aura/aura/internal/wiki/store.go:38.2,40.36 2 1
github.com/aura/aura/internal/wiki/store.go:40.36,42.3 1 0
github.com/aura/aura/internal/wiki/store.go:44.2,44.15 1 1
github.com/aura/aura/internal/wiki/store.go:47.33,49.16 2 1
github.com/aura/aura/internal/wiki/store.go:49.16,51.3 1 0
github.com/aura/aura/internal/wiki/store.go:52.2,52.39 1 1
github.com/aura/aura/internal/wiki/store.go:52.39,54.3 1 0
github.com/aura/aura/internal/wiki/store.go:56.2,57.16 2 1
github.com/aura/aura/internal/wiki/store.go:57.16,59.3 1 0
github.com/aura/aura/internal/wiki/store.go:61.2,62.12 2 1
github.com/aura/aura/internal/wiki/store.go:65.52,68.2 2 1
github.com/aura/aura/internal/wiki/store.go:72.66,73.39 1 1
github.com/aura/aura/internal/wiki/store.go:73.39,75.3 1 1
github.com/aura/aura/internal/wiki/store.go:77.2,87.45 8 1
github.com/aura/aura/internal/wiki/store.go:87.45,90.3 2 0
github.com/aura/aura/internal/wiki/store.go:93.2,94.16 2 1
github.com/aura/aura/internal/wiki/store.go:94.16,96.3 1 0
github.com/aura/aura/internal/wiki/store.go:99.2,100.16 2 1
github.com/aura/aura/internal/wiki/store.go:100.16,102.3 1 0
github.com/aura/aura/internal/wiki/store.go:103.2,105.43 2 1
github.com/aura/aura/internal/wiki/store.go:105.43,109.3 3 0
github.com/aura/aura/internal/wiki/store.go:110.2,112.49 2 1
github.com/aura/aura/internal/wiki/store.go:112.49,115.3 2 0
github.com/aura/aura/internal/wiki/store.go:117.2,124.61 4 1
github.com/aura/aura/internal/wiki/store.go:124.61,126.3 1 0
github.com/aura/aura/internal/wiki/store.go:128.2,128.12 1 1
github.com/aura/aura/internal/wiki/store.go:133.54,136.50 2 1
github.com/aura/aura/internal/wiki/store.go:136.50,138.3 1 1
github.com/aura/aura/internal/wiki/store.go:141.2,143.16 3 1
github.com/aura/aura/internal/wiki/store.go:143.16,145.3 1 1
github.com/aura/aura/internal/wiki/store.go:146.2,146.24 1 0
github.com/aura/aura/internal/wiki/store.go:150.68,158.47 6 1
github.com/aura/aura/internal/wiki/store.go:158.47,160.41 2 1
github.com/aura/aura/internal/wiki/store.go:160.41,163.9 3 1
github.com/aura/aura/internal/wiki/store.go:167.2,167.14 1 1
github.com/aura/aura/internal/wiki/store.go:167.14,169.3 1 0
github.com/aura/aura/internal/wiki/store.go:171.2,175.61 4 1
github.com/aura/aura/internal/wiki/store.go:175.61,177.3 1 0
github.com/aura/aura/internal/wiki/store.go:179.2,179.12 1 1
github.com/aura/aura/internal/wiki/store.go:184.47,186.16 2 1
github.com/aura/aura/internal/wiki/store.go:186.16,188.3 1 0
github.com/aura/aura/internal/wiki/store.go:189.2,191.28 3 1
github.com/aura/aura/internal/wiki/store.go:191.28,192.16 1 1
github.com/aura/aura/internal/wiki/store.go:192.16,193.12 1 1
github.com/aura/aura/internal/wiki/store.go:195.3,197.53 3 1
github.com/aura/aura/internal/wiki/store.go:197.53,199.4 1 1
github.com/aura/aura/internal/wiki/store.go:199.9,199.62 1 0
github.com/aura/aura/internal/wiki/store.go:199.62,201.4 1 0
github.com/aura/aura/internal/wiki/store.go:201.9,202.12 1 0
github.com/aura/aura/internal/wiki/store.go:205.3,205.39 1 1
github.com/aura/aura/internal/wiki/store.go:205.39,206.12 1 1
github.com/aura/aura/internal/wiki/store.go:208.3,208.18 1 1
github.com/aura/aura/internal/wiki/store.go:208.18,211.4 2 1
github.com/aura/aura/internal/wiki/store.go:213.2,213.19 1 1
github.com/aura/aura/internal/wiki/store.go:219.77,224.16 4 1
github.com/aura/aura/internal/wiki/store.go:224.16,226.3 1 0
github.com/aura/aura/internal/wiki/store.go:228.2,229.16 2 1
github.com/aura/aura/internal/wiki/store.go:229.16,231.3 1 0
github.com/aura/aura/internal/wiki/store.go:233.2,233.44 1 1
github.com/aura/aura/internal/wiki/store.go:233.44,235.3 1 0
github.com/aura/aura/internal/wiki/store.go:237.2,238.52 2 1
github.com/aura/aura/internal/wiki/store.go:238.52,240.3 1 1
github.com/aura/aura/internal/wiki/store.go:241.2,247.17 2 1
github.com/aura/aura/internal/wiki/store.go:247.17,248.57 1 1
github.com/aura/aura/internal/wiki/store.go:248.57,250.4 1 0
github.com/aura/aura/internal/wiki/store.go:251.3,251.56 1 1
github.com/aura/aura/internal/wiki/store.go:254.2,255.12 2 1
github.com/aura/aura/internal/wiki/store.go:261.30,261.46 1 0
github.com/aura/aura/internal/wiki/store.go:267.51,269.2 1 0
github.com/aura/aura/internal/wiki/store.go:274.69,276.2 1 0
github.com/aura/aura/internal/wiki/store.go:278.50,283.16 4 1
github.com/aura/aura/internal/wiki/store.go:283.16,286.3 2 0
github.com/aura/aura/internal/wiki/store.go:288.2,289.29 2 1
github.com/aura/aura/internal/wiki/store.go:289.29,291.17 2 1
github.com/aura/aura/internal/wiki/store.go:291.17,292.12 1 0
github.com/aura/aura/internal/wiki/store.go:294.3,295.16 2 1
github.com/aura/aura/internal/wiki/store.go:295.16,297.4 1 1
github.com/aura/aura/internal/wiki/store.go:298.3,301.5 1 1
github.com/aura/aura/internal/wiki/store.go:304.2,308.53 4 1
github.com/aura/aura/internal/wiki/store.go:308.53,311.29 3 1
github.com/aura/aura/internal/wiki/store.go:311.29,313.4 1 1
github.com/aura/aura/internal/wiki/store.go:314.3,314.23 1 1
github.com/aura/aura/internal/wiki/store.go:317.2,318.75 2 1
github.com/aura/aura/internal/wiki/store.go:318.75,320.3 1 0
github.com/aura/aura/internal/wiki/store.go:322.2,322.63 1 1
github.com/aura/aura/internal/wiki/store.go:322.63,324.3 1 1
github.com/aura/aura/internal/wiki/store.go:333.69,340.51 5 1
github.com/aura/aura/internal/wiki/store.go:340.51,342.3 1 1
github.com/aura/aura/internal/wiki/store.go:345.2,345.47 1 1
github.com/aura/aura/internal/wiki/store.go:345.47,347.3 1 1
github.com/aura/aura/internal/wiki/store.go:349.2,351.16 3 1
github.com/aura/aura/internal/wiki/store.go:351.16,353.3 1 1
github.com/aura/aura/internal/wiki/store.go:354.2,359.70 3 1
github.com/aura/aura/internal/wiki/store.go:359.70,361.3 1 0
github.com/aura/aura/internal/wiki/store.go:363.2,363.61 1 1
github.com/aura/aura/internal/wiki/store.go:363.61,365.3 1 0
github.com/aura/aura/internal/wiki/store.go:370.67,372.16 2 0
github.com/aura/aura/internal/wiki/store.go:372.16,374.3 1 0
github.com/aura/aura/internal/wiki/store.go:376.2,377.32 2 0
github.com/aura/aura/internal/wiki/store.go:377.32,378.65 1 0
github.com/aura/aura/internal/wiki/store.go:378.65,379.12 1 0
github.com/aura/aura/internal/wiki/store.go:382.3,387.44 4 0
github.com/aura/aura/internal/wiki/store.go:387.44,388.12 1 0
github.com/aura/aura/internal/wiki/store.go:391.3,392.17 2 0
github.com/aura/aura/internal/wiki/store.go:392.17,394.12 2 0
github.com/aura/aura/internal/wiki/store.go:397.3,398.17 2 0
github.com/aura/aura/internal/wiki/store.go:398.17,400.12 2 0
github.com/aura/aura/internal/wiki/store.go:404.3,407.17 3 0
github.com/aura/aura/internal/wiki/store.go:407.17,409.12 2 0
github.com/aura/aura/internal/wiki/store.go:412.3,412.60 1 0
github.com/aura/aura/internal/wiki/store.go:412.60,414.12 2 0
github.com/aura/aura/internal/wiki/store.go:417.3,420.80 3 0
github.com/aura/aura/internal/wiki/store.go:423.2,423.15 1 0
github.com/aura/aura/internal/wiki/store.go:423.15,427.3 3 0
github.com/aura/aura/internal/wiki/store.go:429.2,429.19 1 0
github.com/aura/aura/internal/wiki/store.go:439.64,441.16 2 0
github.com/aura/aura/internal/wiki/store.go:441.16,443.3 1 0
github.com/aura/aura/internal/wiki/store.go:445.2,446.26 2 0
github.com/aura/aura/internal/wiki/store.go:446.26,448.3 1 0
github.com/aura/aura/internal/wiki/store.go:450.2,451.29 2 0
github.com/aura/aura/internal/wiki/store.go:451.29,453.17 2 0
github.com/aura/aura/internal/wiki/store.go:453.17,455.12 2 0
github.com/aura/aura/internal/wiki/store.go:458.3,458.26 1 0
github.com/aura/aura/internal/wiki/store.go:458.26,460.4 1 0
github.com/aura/aura/internal/wiki/store.go:462.3,462.52 1 0
github.com/aura/aura/internal/wiki/store.go:462.52,463.22 1 0
github.com/aura/aura/internal/wiki/store.go:463.22,468.5 1 0
github.com/aura/aura/internal/wiki/store.go:471.3,471.36 1 0
github.com/aura/aura/internal/wiki/store.go:471.36,472.21 1 0
github.com/aura/aura/internal/wiki/store.go:472.21,477.5 1 0
github.com/aura/aura/internal/wiki/store.go:482.2,482.41 1 0
github.com/aura/aura/internal/wiki/store.go:482.41,483.39 1 0
github.com/aura/aura/internal/wiki/store.go:483.39,485.4 1 0
github.com/aura/aura/internal/wiki/store.go:486.3,486.47 1 0
github.com/aura/aura/internal/wiki/store.go:489.2,489.20 1 0
github.com/aura/aura/internal/wiki/store.go:495.85,497.16 2 0
github.com/aura/aura/internal/wiki/store.go:497.16,499.3 1 0
github.com/aura/aura/internal/wiki/store.go:500.2,502.29 3 0
github.com/aura/aura/internal/wiki/store.go:502.29,504.17 2 0
github.com/aura/aura/internal/wiki/store.go:504.17,505.12 1 0
github.com/aura/aura/internal/wiki/store.go:507.3,507.40 1 0
github.com/aura/aura/internal/wiki/store.go:507.40,508.12 1 0
github.com/aura/aura/internal/wiki/store.go:510.3,512.48 3 0
github.com/aura/aura/internal/wiki/store.go:512.48,514.4 1 0
github.com/aura/aura/internal/wiki/store.go:515.3,515.98 1 0
github.com/aura/aura/internal/wiki/store.go:517.2,518.12 2 0
github.com/aura/aura/internal/wiki/store.go:521.61,523.19 2 1
github.com/aura/aura/internal/wiki/store.go:523.19,525.3 1 1
github.com/aura/aura/internal/wiki/store.go:526.2,527.13 2 1
github.com/aura/aura/internal/conversation/archive.go:45.57,47.2 1 1
github.com/aura/aura/internal/conversation/archive.go:51.66,66.16 5 1
github.com/aura/aura/internal/conversation/archive.go:66.16,67.28 1 1
github.com/aura/aura/internal/conversation/archive.go:67.28,69.4 1 1
github.com/aura/aura/internal/conversation/archive.go:70.3,70.52 1 1
github.com/aura/aura/internal/conversation/archive.go:72.2,72.12 1 1
github.com/aura/aura/internal/conversation/archive.go:76.97,86.16 3 1
github.com/aura/aura/internal/conversation/archive.go:86.16,88.3 1 1
github.com/aura/aura/internal/conversation/archive.go:89.2,92.18 3 1
github.com/aura/aura/internal/conversation/archive.go:92.18,94.17 2 1
github.com/aura/aura/internal/conversation/archive.go:94.17,96.4 1 1
github.com/aura/aura/internal/conversation/archive.go:97.3,97.23 1 1
github.com/aura/aura/internal/conversation/archive.go:99.2,99.24 1 1
github.com/aura/aura/internal/conversation/archive.go:103.73,112.16 4 1
github.com/aura/aura/internal/conversation/archive.go:112.16,113.36 1 1
github.com/aura/aura/internal/conversation/archive.go:113.36,115.4 1 1
github.com/aura/aura/internal/conversation/archive.go:116.3,116.57 1 1
github.com/aura/aura/internal/conversation/archive.go:118.2,118.15 1 1
github.com/aura/aura/internal/conversation/archive.go:125.44,137.16 2 1
github.com/aura/aura/internal/conversation/archive.go:137.16,139.3 1 1
github.com/aura/aura/internal/conversation/archive.go:140.2,140.21 1 1
github.com/aura/aura/internal/conversation/archive.go:140.21,142.3 1 1
github.com/aura/aura/internal/conversation/archive.go:143.2,143.22 1 1
github.com/aura/aura/internal/conversation/archive.go:143.22,145.3 1 1
github.com/aura/aura/internal/conversation/archive.go:146.2,147.16 2 1
github.com/aura/aura/internal/conversation/archive.go:147.16,150.17 2 1
github.com/aura/aura/internal/conversation/archive.go:150.17,152.4 1 1
github.com/aura/aura/internal/conversation/archive.go:154.2,155.15 2 1
github.com/aura/aura/internal/conversation/archive.go:176.77,185.2 4 1
github.com/aura/aura/internal/conversation/archive.go:189.68,190.9 1 1
github.com/aura/aura/internal/conversation/archive.go:191.17,191.17 0 1
github.com/aura/aura/internal/conversation/archive.go:192.10,194.51 1 1
github.com/aura/aura/internal/conversation/archive.go:196.2,196.12 1 1
github.com/aura/aura/internal/conversation/archive.go:201.59,205.2 3 1
github.com/aura/aura/internal/conversation/archive.go:207.36,209.22 2 1
github.com/aura/aura/internal/conversation/archive.go:209.22,210.65 1 1
github.com/aura/aura/internal/conversation/archive.go:210.65,211.41 1 1
github.com/aura/aura/internal/conversation/archive.go:211.41,214.5 1 1
github.com/aura/aura/internal/conversation/archive.go:220.39,221.16 1 1
github.com/aura/aura/internal/conversation/archive.go:221.16,223.3 1 1
github.com/aura/aura/internal/conversation/archive.go:224.2,226.88 2 1
github.com/aura/aura/internal/conversation/archive.go:229.35,231.2 1 1
github.com/aura/aura/internal/conversation/archive.go:233.39,234.40 1 1
github.com/aura/aura/internal/conversation/archive.go:234.40,235.29 1 1
github.com/aura/aura/internal/conversation/archive.go:235.29,237.4 1 1
github.com/aura/aura/internal/conversation/archive.go:239.2,239.11 1 1
github.com/aura/aura/internal/conversation/context.go:41.38,43.20 2 1
github.com/aura/aura/internal/conversation/context.go:43.20,45.3 1 1
github.com/aura/aura/internal/conversation/context.go:46.2,51.3 1 1
github.com/aura/aura/internal/conversation/context.go:55.50,58.2 2 1
github.com/aura/aura/internal/conversation/context.go:61.55,64.2 2 1
github.com/aura/aura/internal/conversation/context.go:67.89,69.19 2 1
github.com/aura/aura/internal/conversation/context.go:69.19,71.3 1 0
github.com/aura/aura/internal/conversation/context.go:75.75,77.2 1 1
github.com/aura/aura/internal/conversation/context.go:92.59,95.46 2 1
github.com/aura/aura/internal/conversation/context.go:95.46,97.3 1 1
github.com/aura/aura/internal/conversation/context.go:100.2,100.25 1 1
github.com/aura/aura/internal/conversation/context.go:100.25,101.42 1 1
github.com/aura/aura/internal/conversation/context.go:101.42,103.4 1 0
github.com/aura/aura/internal/conversation/context.go:107.2,109.41 3 1
github.com/aura/aura/internal/conversation/context.go:109.41,114.38 4 1
github.com/aura/aura/internal/conversation/context.go:114.38,115.9 1 1
github.com/aura/aura/internal/conversation/context.go:117.3,117.33 1 1
github.com/aura/aura/internal/conversation/context.go:121.2,121.21 1 1
github.com/aura/aura/internal/conversation/context.go:121.21,123.3 1 1
github.com/aura/aura/internal/conversation/context.go:125.2,125.39 1 1
github.com/aura/aura/internal/conversation/context.go:125.39,131.3 1 1
github.com/aura/aura/internal/conversation/context.go:133.2,133.12 1 1
github.com/aura/aura/internal/conversation/context.go:143.39,144.24 1 1
github.com/aura/aura/internal/conversation/context.go:144.24,146.3 1 1
github.com/aura/aura/internal/conversation/context.go:149.2,151.15 3 1
github.com/aura/aura/internal/conversation/context.go:151.15,153.3 1 1
github.com/aura/aura/internal/conversation/context.go:155.2,155.32 1 1
github.com/aura/aura/internal/conversation/context.go:155.32,157.3 1 0
github.com/aura/aura/internal/conversation/context.go:161.2,163.16 3 1
github.com/aura/aura/internal/conversation/context.go:163.16,165.3 1 0
github.com/aura/aura/internal/conversation/context.go:167.2,169.15 3 1
github.com/aura/aura/internal/conversation/context.go:169.15,171.3 1 1
github.com/aura/aura/internal/conversation/context.go:171.8,173.3 1 1
github.com/aura/aura/internal/conversation/context.go:175.2,175.21 1 1
github.com/aura/aura/internal/conversation/context.go:175.21,181.3 1 1
github.com/aura/aura/internal/conversation/context.go:185.38,188.31 3 1
github.com/aura/aura/internal/conversation/context.go:188.31,190.3 1 1
github.com/aura/aura/internal/conversation/context.go:193.2,193.31 1 1
github.com/aura/aura/internal/conversation/context.go:193.31,194.49 1 1
github.com/aura/aura/internal/conversation/context.go:194.49,195.12 1 0
github.com/aura/aura/internal/conversation/context.go:197.3,197.29 1 1
github.com/aura/aura/internal/conversation/context.go:197.29,198.9 1 0
github.com/aura/aura/internal/conversation/context.go:200.3,201.20 2 1
github.com/aura/aura/internal/conversation/context.go:201.20,202.12 1 0
github.com/aura/aura/internal/conversation/context.go:205.3,207.17 3 1
github.com/aura/aura/internal/conversation/context.go:207.17,209.4 1 0
github.com/aura/aura/internal/conversation/context.go:210.3,211.46 2 1
github.com/aura/aura/internal/conversation/context.go:217.52,220.2 2 1
github.com/aura/aura/internal/conversation/context.go:224.52,227.2 2 1
github.com/aura/aura/internal/conversation/context.go:230.42,232.55 2 1
github.com/aura/aura/internal/conversation/context.go:232.55,234.3 1 1
github.com/aura/aura/internal/conversation/context.go:234.8,234.37 1 1
github.com/aura/aura/internal/conversation/context.go:234.37,236.3 1 1
github.com/aura/aura/internal/conversation/context.go:236.8,236.34 1 1
github.com/aura/aura/internal/conversation/context.go:236.34,238.3 1 1
github.com/aura/aura/internal/conversation/context.go:239.2,239.19 1 1
github.com/aura/aura/internal/conversation/context.go:239.19,241.3 1 0
github.com/aura/aura/internal/conversation/context.go:242.2,242.59 1 1
github.com/aura/aura/internal/conversation/context.go:242.59,245.3 2 1
github.com/aura/aura/internal/conversation/context.go:246.2,246.87 1 1
github.com/aura/aura/internal/conversation/context.go:250.44,251.21 1 1
github.com/aura/aura/internal/conversation/context.go:251.21,253.3 1 1
github.com/aura/aura/internal/conversation/context.go:254.2,256.59 2 1
github.com/aura/aura/internal/conversation/context.go:256.59,262.3 5 0
github.com/aura/aura/internal/conversation/context.go:263.2,263.57 1 1
github.com/aura/aura/internal/conversation/context.go:267.41,269.33 2 1
github.com/aura/aura/internal/conversation/context.go:269.33,271.3 1 1
github.com/aura/aura/internal/conversation/context.go:272.2,272.14 1 1
github.com/aura/aura/internal/conversation/context.go:276.53,278.2 1 1
github.com/aura/aura/internal/conversation/context.go:281.41,283.2 1 1
github.com/aura/aura/internal/conversation/context.go:286.42,289.2 2 1
github.com/aura/aura/internal/conversation/context.go:292.38,294.2 1 1
github.com/aura/aura/internal/conversation/context.go:297.35,299.2 1 1
github.com/aura/aura/internal/conversation/context.go:303.56,304.25 1 1
github.com/aura/aura/internal/conversation/context.go:304.25,308.3 3 1
github.com/aura/aura/internal/conversation/context.go:311.2,312.61 2 1
github.com/aura/aura/internal/conversation/context.go:312.61,314.3 1 0
github.com/aura/aura/internal/conversation/context.go:316.2,316.27 1 1
github.com/aura/aura/internal/conversation/context.go:316.27,318.3 1 0
github.com/aura/aura/internal/conversation/context.go:321.2,322.16 2 1
github.com/aura/aura/internal/conversation/context.go:322.16,324.3 1 0
github.com/aura/aura/internal/conversation/context.go:325.2,329.34 4 1
github.com/aura/aura/internal/conversation/context.go:329.34,331.3 1 1
github.com/aura/aura/internal/conversation/context.go:333.2,334.21 2 1
github.com/aura/aura/internal/conversation/context.go:334.21,336.3 1 0
github.com/aura/aura/internal/conversation/context.go:338.2,345.16 3 1
github.com/aura/aura/internal/conversation/context.go:345.16,349.3 3 0
github.com/aura/aura/internal/conversation/context.go:351.2,356.59 4 1
github.com/aura/aura/internal/conversation/context.go:356.59,358.3 1 0
github.com/aura/aura/internal/conversation/context.go:359.2,368.12 5 1
github.com/aura/aura/internal/conversation/context.go:371.32,373.61 2 1
github.com/aura/aura/internal/conversation/context.go:373.61,375.3 1 0
github.com/aura/aura/internal/conversation/context.go:377.2,377.27 1 1
github.com/aura/aura/internal/conversation/context.go:377.27,379.3 1 1
github.com/aura/aura/internal/conversation/context.go:381.2,383.59 3 1
github.com/aura/aura/internal/conversation/context.go:383.59,385.3 1 0
github.com/aura/aura/internal/conversation/context.go:386.2,388.79 3 1
github.com/aura/aura/internal/conversation/context.go:391.62,392.42 1 1
github.com/aura/aura/internal/conversation/context.go:392.42,394.3 1 0
github.com/aura/aura/internal/conversation/context.go:396.2,396.62 1 1
github.com/aura/aura/internal/conversation/context.go:396.62,398.3 1 1
github.com/aura/aura/internal/conversation/context.go:399.2,399.41 1 1
github.com/aura/aura/internal/conversation/context.go:399.41,401.59 2 1
github.com/aura/aura/internal/conversation/context.go:401.59,402.9 1 1
github.com/aura/aura/internal/conversation/context.go:404.3,405.96 2 0
github.com/aura/aura/internal/conversation/context.go:405.96,408.4 2 0
github.com/aura/aura/internal/conversation/context.go:409.3,409.27 1 0
github.com/aura/aura/internal/conversation/context.go:409.27,411.12 2 0
github.com/aura/aura/internal/conversation/context.go:413.3,413.8 1 0
github.com/aura/aura/internal/conversation/context.go:415.2,415.14 1 1
github.com/aura/aura/internal/conversation/context.go:419.41,421.2 1 1
github.com/aura/aura/internal/conversation/context.go:426.38,428.2 1 0
github.com/aura/aura/internal/conversation/context.go:432.62,433.51 1 0
github.com/aura/aura/internal/conversation/context.go:433.51,435.3 1 0
github.com/aura/aura/internal/conversation/context.go:436.2,438.12 3 0
github.com/aura/aura/internal/conversation/overlay.go:24.43,26.15 2 1
github.com/aura/aura/internal/conversation/overlay.go:26.15,28.3 1 1
github.com/aura/aura/internal/conversation/overlay.go:30.2,31.36 2 1
github.com/aura/aura/internal/conversation/overlay.go:31.36,33.17 2 1
github.com/aura/aura/internal/conversation/overlay.go:33.17,34.12 1 1
github.com/aura/aura/internal/conversation/overlay.go:36.3,37.17 2 1
github.com/aura/aura/internal/conversation/overlay.go:37.17,38.12 1 1
github.com/aura/aura/internal/conversation/overlay.go:41.3,42.53 2 1
github.com/aura/aura/internal/conversation/overlay.go:44.2,44.39 1 1
github.com/aura/aura/internal/conversation/system_prompt.go:57.35,59.2 1 0
github.com/aura/aura/internal/conversation/system_prompt.go:70.67,71.16 1 0
github.com/aura/aura/internal/conversation/system_prompt.go:71.16,73.3 1 0
github.com/aura/aura/internal/conversation/system_prompt.go:74.2,97.38 5 0
github.com/aura/aura/internal/conversation/summarizer/applier.go:34.48,36.2 1 1
github.com/aura/aura/internal/conversation/summarizer/applier.go:38.68,39.18 1 1
github.com/aura/aura/internal/conversation/summarizer/applier.go:40.17,41.28 1 1
github.com/aura/aura/internal/conversation/summarizer/applier.go:42.19,43.30 1 1
github.com/aura/aura/internal/conversation/summarizer/applier.go:44.18,46.13 2 1
github.com/aura/aura/internal/conversation/summarizer/applier.go:47.10,48.65 1 0
github.com/aura/aura/internal/conversation/summarizer/applier.go:52.71,54.21 2 1
github.com/aura/aura/internal/conversation/summarizer/applier.go:54.21,56.3 1 0
github.com/aura/aura/internal/conversation/summarizer/applier.go:57.2,58.47 2 1
github.com/aura/aura/internal/conversation/summarizer/applier.go:58.47,60.3 1 1
github.com/aura/aura/internal/conversation/summarizer/applier.go:61.2,73.52 3 1
github.com/aura/aura/internal/conversation/summarizer/applier.go:73.52,75.3 1 0
github.com/aura/aura/internal/conversation/summarizer/applier.go:76.2,77.12 2 1
github.com/aura/aura/internal/conversation/summarizer/applier.go:80.73,82.16 2 1
github.com/aura/aura/internal/conversation/summarizer/applier.go:82.16,84.3 1 0
github.com/aura/aura/internal/conversation/summarizer/applier.go:85.2,89.47 4 1
github.com/aura/aura/internal/conversation/summarizer/applier.go:89.47,91.38 2 1
github.com/aura/aura/internal/conversation/summarizer/applier.go:91.38,93.4 1 1
github.com/aura/aura/internal/conversation/summarizer/applier.go:95.2,96.52 2 1
github.com/aura/aura/internal/conversation/summarizer/applier.go:96.52,98.3 1 0
github.com/aura/aura/internal/conversation/summarizer/applier.go:99.2,100.12 2 1
github.com/aura/aura/internal/conversation/summarizer/applier.go:103.46,104.23 1 1
github.com/aura/aura/internal/conversation/summarizer/applier.go:104.23,105.13 1 1
github.com/aura/aura/internal/conversation/summarizer/applier.go:105.13,107.4 1 0
github.com/aura/aura/internal/conversation/summarizer/applier.go:109.2,109.14 1 1
github.com/aura/aura/internal/conversation/summarizer/applier.go:134.59,135.55 1 1
github.com/aura/aura/internal/conversation/summarizer/applier.go:135.55,137.3 1 0
github.com/aura/aura/internal/conversation/summarizer/applier.go:138.2,138.36 1 1
github.com/aura/aura/internal/conversation/summarizer/applier.go:141.70,142.28 1 1
github.com/aura/aura/internal/conversation/summarizer/applier.go:142.28,144.3 1 1
github.com/aura/aura/internal/conversation/summarizer/applier.go:145.2,150.16 4 1
github.com/aura/aura/internal/conversation/summarizer/applier.go:150.16,152.3 1 0
github.com/aura/aura/internal/conversation/summarizer/applier.go:153.2,153.12 1 1
github.com/aura/aura/internal/conversation/summarizer/applier.go:162.34,162.58 1 1
github.com/aura/aura/internal/conversation/summarizer/applier.go:164.65,164.79 1 1
github.com/aura/aura/internal/conversation/summarizer/dedup.go:25.85,31.2 1 1
github.com/aura/aura/internal/conversation/summarizer/dedup.go:34.83,36.16 2 1
github.com/aura/aura/internal/conversation/summarizer/dedup.go:36.16,38.3 1 1
github.com/aura/aura/internal/conversation/summarizer/dedup.go:40.2,40.23 1 1
github.com/aura/aura/internal/conversation/summarizer/dedup.go:40.23,42.3 1 1
github.com/aura/aura/internal/conversation/summarizer/dedup.go:44.2,47.9 3 1
github.com/aura/aura/internal/conversation/summarizer/dedup.go:48.30,49.105 1 1
github.com/aura/aura/internal/conversation/summarizer/dedup.go:50.29,51.106 1 1
github.com/aura/aura/internal/conversation/summarizer/dedup.go:52.10,53.82 1 1
github.com/aura/aura/internal/conversation/summarizer/proposals.go:38.52,40.2 1 0
github.com/aura/aura/internal/conversation/summarizer/proposals.go:44.104,45.16 1 0
github.com/aura/aura/internal/conversation/summarizer/proposals.go:45.16,47.3 1 0
github.com/aura/aura/internal/conversation/summarizer/proposals.go:48.2,50.18 3 0
github.com/aura/aura/internal/conversation/summarizer/proposals.go:50.18,55.3 1 0
github.com/aura/aura/internal/conversation/summarizer/proposals.go:55.8,60.3 1 0
github.com/aura/aura/internal/conversation/summarizer/proposals.go:61.2,61.16 1 0
github.com/aura/aura/internal/conversation/summarizer/proposals.go:61.16,63.3 1 0
github.com/aura/aura/internal/conversation/summarizer/proposals.go:64.2,67.18 3 0
github.com/aura/aura/internal/conversation/summarizer/proposals.go:67.18,69.17 2 0
github.com/aura/aura/internal/conversation/summarizer/proposals.go:69.17,71.4 1 0
github.com/aura/aura/internal/conversation/summarizer/proposals.go:72.3,72.23 1 0
github.com/aura/aura/internal/conversation/summarizer/proposals.go:74.2,74.24 1 0
github.com/aura/aura/internal/conversation/summarizer/proposals.go:78.85,83.16 3 0
github.com/aura/aura/internal/conversation/summarizer/proposals.go:83.16,84.36 1 0
github.com/aura/aura/internal/conversation/summarizer/proposals.go:84.36,86.4 1 0
github.com/aura/aura/internal/conversation/summarizer/proposals.go:87.3,87.64 1 0
github.com/aura/aura/internal/conversation/summarizer/proposals.go:89.2,89.15 1 0
github.com/aura/aura/internal/conversation/summarizer/proposals.go:94.109,96.16 2 0
github.com/aura/aura/internal/conversation/summarizer/proposals.go:96.16,98.3 1 0
github.com/aura/aura/internal/conversation/summarizer/proposals.go:99.2,99.27 1 0
github.com/aura/aura/internal/conversation/summarizer/proposals.go:99.27,101.3 1 0
github.com/aura/aura/internal/conversation/summarizer/proposals.go:102.2,103.85 1 0
github.com/aura/aura/internal/conversation/summarizer/proposals.go:103.85,105.3 1 0
github.com/aura/aura/internal/conversation/summarizer/proposals.go:106.2,107.15 2 0
github.com/aura/aura/internal/conversation/summarizer/proposals.go:114.62,121.16 4 0
github.com/aura/aura/internal/conversation/summarizer/proposals.go:121.16,123.3 1 0
github.com/aura/aura/internal/conversation/summarizer/proposals.go:124.2,124.40 1 0
github.com/aura/aura/internal/conversation/summarizer/proposals.go:124.40,126.3 1 0
github.com/aura/aura/internal/conversation/summarizer/proposals.go:127.2,127.28 1 0
github.com/aura/aura/internal/conversation/summarizer/proposals.go:127.28,129.3 1 0
github.com/aura/aura/internal/conversation/summarizer/proposals.go:130.2,131.16 2 0
github.com/aura/aura/internal/conversation/summarizer/proposals.go:131.16,133.17 2 0
github.com/aura/aura/internal/conversation/summarizer/proposals.go:133.17,135.4 1 0
github.com/aura/aura/internal/conversation/summarizer/proposals.go:137.2,138.15 2 0
github.com/aura/aura/internal/conversation/summarizer/runner.go:58.97,68.2 1 1
github.com/aura/aura/internal/conversation/summarizer/runner.go:71.58,75.2 3 1
github.com/aura/aura/internal/conversation/summarizer/runner.go:79.93,80.47 1 1
github.com/aura/aura/internal/conversation/summarizer/runner.go:80.47,82.3 1 1
github.com/aura/aura/internal/conversation/summarizer/runner.go:85.2,86.16 2 1
github.com/aura/aura/internal/conversation/summarizer/runner.go:86.16,88.3 1 0
github.com/aura/aura/internal/conversation/summarizer/runner.go:89.2,89.59 1 1
github.com/aura/aura/internal/conversation/summarizer/runner.go:89.59,91.3 1 1
github.com/aura/aura/internal/conversation/summarizer/runner.go:94.2,94.28 1 1
github.com/aura/aura/internal/conversation/summarizer/runner.go:94.28,98.89 4 1
github.com/aura/aura/internal/conversation/summarizer/runner.go:98.89,100.4 1 1
github.com/aura/aura/internal/conversation/summarizer/runner.go:104.2,110.19 5 1
github.com/aura/aura/internal/conversation/summarizer/runner.go:110.19,112.3 1 0
github.com/aura/aura/internal/conversation/summarizer/runner.go:113.2,114.16 2 1
github.com/aura/aura/internal/conversation/summarizer/runner.go:114.16,116.3 1 0
github.com/aura/aura/internal/conversation/summarizer/runner.go:118.2,118.60 1 1
github.com/aura/aura/internal/conversation/summarizer/runner.go:118.60,120.3 1 1
github.com/aura/aura/internal/conversation/summarizer/runner.go:122.2,123.16 2 1
github.com/aura/aura/internal/conversation/summarizer/runner.go:123.16,125.3 1 0
github.com/aura/aura/internal/conversation/summarizer/runner.go:127.2,128.31 2 1
github.com/aura/aura/internal/conversation/summarizer/runner.go:128.31,130.17 2 1
github.com/aura/aura/internal/conversation/summarizer/runner.go:130.17,132.12 2 0
github.com/aura/aura/internal/conversation/summarizer/runner.go:134.3,143.23 3 1
github.com/aura/aura/internal/conversation/summarizer/runner.go:143.23,144.52 1 0
github.com/aura/aura/internal/conversation/summarizer/runner.go:144.52,146.5 1 0
github.com/aura/aura/internal/conversation/summarizer/runner.go:150.2,150.69 1 1
github.com/aura/aura/internal/conversation/summarizer/scorer.go:28.81,34.2 1 1
github.com/aura/aura/internal/conversation/summarizer/scorer.go:59.96,60.21 1 1
github.com/aura/aura/internal/conversation/summarizer/scorer.go:60.21,62.3 1 1
github.com/aura/aura/internal/conversation/summarizer/scorer.go:64.2,66.26 3 1
github.com/aura/aura/internal/conversation/summarizer/scorer.go:66.26,67.25 1 1
github.com/aura/aura/internal/conversation/summarizer/scorer.go:67.25,68.12 1 1
github.com/aura/aura/internal/conversation/summarizer/scorer.go:70.3,70.51 1 1
github.com/aura/aura/internal/conversation/summarizer/scorer.go:73.2,82.16 3 1
github.com/aura/aura/internal/conversation/summarizer/scorer.go:82.16,84.3 1 1
github.com/aura/aura/internal/conversation/summarizer/scorer.go:86.2,87.70 2 1
github.com/aura/aura/internal/conversation/summarizer/scorer.go:87.70,89.3 1 1
github.com/aura/aura/internal/conversation/summarizer/scorer.go:91.2,92.38 2 1
github.com/aura/aura/internal/conversation/summarizer/scorer.go:92.38,93.31 1 1
github.com/aura/aura/internal/conversation/summarizer/scorer.go:93.31,95.4 1 1
github.com/aura/aura/internal/conversation/summarizer/scorer.go:97.2,97.17 1 1
github.com/aura/aura/internal/conversation/summarizer/types.go:12.33,12.53 1 1
github.com/aura/aura/internal/scheduler/issues.go:33.46,35.2 1 1
github.com/aura/aura/internal/scheduler/issues.go:39.71,46.16 3 1
github.com/aura/aura/internal/scheduler/issues.go:46.16,48.3 1 1
github.com/aura/aura/internal/scheduler/issues.go:49.2,49.12 1 1
github.com/aura/aura/internal/scheduler/issues.go:53.81,56.18 3 1
github.com/aura/aura/internal/scheduler/issues.go:56.18,60.3 1 1
github.com/aura/aura/internal/scheduler/issues.go:60.8,64.3 1 1
github.com/aura/aura/internal/scheduler/issues.go:65.2,65.16 1 1
github.com/aura/aura/internal/scheduler/issues.go:65.16,67.3 1 1
github.com/aura/aura/internal/scheduler/issues.go:68.2,71.18 3 1
github.com/aura/aura/internal/scheduler/issues.go:71.18,73.17 2 1
github.com/aura/aura/internal/scheduler/issues.go:73.17,75.4 1 1
github.com/aura/aura/internal/scheduler/issues.go:76.3,76.27 1 1
github.com/aura/aura/internal/scheduler/issues.go:78.2,78.24 1 1
github.com/aura/aura/internal/scheduler/issues.go:82.73,87.16 3 1
github.com/aura/aura/internal/scheduler/issues.go:87.16,88.36 1 1
github.com/aura/aura/internal/scheduler/issues.go:88.36,90.4 1 1
github.com/aura/aura/internal/scheduler/issues.go:91.3,91.52 1 1
github.com/aura/aura/internal/scheduler/issues.go:93.2,93.19 1 1
github.com/aura/aura/internal/scheduler/issues.go:97.68,102.16 3 1
github.com/aura/aura/internal/scheduler/issues.go:102.16,104.3 1 1
github.com/aura/aura/internal/scheduler/issues.go:105.2,106.12 2 1
github.com/aura/aura/internal/scheduler/issues.go:106.12,110.17 3 1
github.com/aura/aura/internal/scheduler/issues.go:110.17,112.4 1 1
github.com/aura/aura/internal/scheduler/issues.go:114.2,114.12 1 1
github.com/aura/aura/internal/scheduler/issues.go:121.47,129.16 4 1
github.com/aura/aura/internal/scheduler/issues.go:129.16,131.3 1 1
github.com/aura/aura/internal/scheduler/issues.go:132.2,133.16 2 1
github.com/aura/aura/internal/scheduler/issues.go:133.16,135.17 2 1
github.com/aura/aura/internal/scheduler/issues.go:135.17,137.4 1 1
github.com/aura/aura/internal/scheduler/issues.go:139.2,140.49 2 1
github.com/aura/aura/internal/scheduler/issues.go:140.49,142.17 2 1
github.com/aura/aura/internal/scheduler/issues.go:142.17,145.4 2 1
github.com/aura/aura/internal/scheduler/issues.go:147.2,147.19 1 1
github.com/aura/aura/internal/scheduler/maintenance.go:33.79,34.19 1 1
github.com/aura/aura/internal/scheduler/maintenance.go:34.19,36.3 1 1
github.com/aura/aura/internal/scheduler/maintenance.go:37.2,37.49 1 1
github.com/aura/aura/internal/scheduler/maintenance.go:41.74,44.2 2 1
github.com/aura/aura/internal/scheduler/maintenance.go:47.77,50.2 2 1
github.com/aura/aura/internal/scheduler/maintenance.go:56.84,58.16 2 1
github.com/aura/aura/internal/scheduler/maintenance.go:58.16,60.3 1 1
github.com/aura/aura/internal/scheduler/maintenance.go:62.2,63.16 2 1
github.com/aura/aura/internal/scheduler/maintenance.go:63.16,65.3 1 1
github.com/aura/aura/internal/scheduler/maintenance.go:67.2,69.32 2 1
github.com/aura/aura/internal/scheduler/maintenance.go:69.32,71.10 2 1
github.com/aura/aura/internal/scheduler/maintenance.go:71.10,83.12 5 1
github.com/aura/aura/internal/scheduler/maintenance.go:86.3,87.27 2 1
github.com/aura/aura/internal/scheduler/maintenance.go:87.27,88.82 1 1
github.com/aura/aura/internal/scheduler/maintenance.go:88.82,96.5 3 1
github.com/aura/aura/internal/scheduler/maintenance.go:96.10,100.5 2 1
github.com/aura/aura/internal/scheduler/maintenance.go:101.9,109.4 3 1
github.com/aura/aura/internal/scheduler/maintenance.go:112.2,112.40 1 1
github.com/aura/aura/internal/scheduler/maintenance.go:112.40,115.3 2 1
github.com/aura/aura/internal/scheduler/maintenance.go:117.2,117.29 1 1
github.com/aura/aura/internal/scheduler/maintenance.go:120.84,121.21 1 1
github.com/aura/aura/internal/scheduler/maintenance.go:121.21,122.54 1 1
github.com/aura/aura/internal/scheduler/maintenance.go:122.54,124.4 1 1
github.com/aura/aura/internal/scheduler/maintenance.go:126.2,126.30 1 1
github.com/aura/aura/internal/scheduler/maintenance.go:126.30,128.3 1 1
github.com/aura/aura/internal/scheduler/maintenance.go:132.38,133.9 1 1
github.com/aura/aura/internal/scheduler/maintenance.go:134.87,135.23 1 1
github.com/aura/aura/internal/scheduler/maintenance.go:136.49,137.28 1 1
github.com/aura/aura/internal/scheduler/maintenance.go:138.10,139.18 1 1
github.com/aura/aura/internal/scheduler/maintenance.go:144.41,145.9 1 1
github.com/aura/aura/internal/scheduler/maintenance.go:146.49,147.15 1 1
github.com/aura/aura/internal/scheduler/maintenance.go:148.10,149.18 1 1
github.com/aura/aura/internal/scheduler/maintenance.go:155.49,157.37 2 1
github.com/aura/aura/internal/scheduler/maintenance.go:157.37,159.3 1 1
github.com/aura/aura/internal/scheduler/maintenance.go:160.2,162.18 3 1
github.com/aura/aura/internal/scheduler/maintenance.go:162.18,164.3 1 1
github.com/aura/aura/internal/scheduler/maintenance.go:165.2,165.19 1 1
github.com/aura/aura/internal/scheduler/maintenance.go:170.81,172.26 2 1
github.com/aura/aura/internal/scheduler/maintenance.go:172.26,173.40 1 1
github.com/aura/aura/internal/scheduler/maintenance.go:173.40,175.4 1 1
github.com/aura/aura/internal/scheduler/maintenance.go:177.2,177.12 1 1
github.com/aura/aura/internal/scheduler/maintenance.go:181.35,184.13 3 1
github.com/aura/aura/internal/scheduler/maintenance.go:184.13,186.3 1 1
github.com/aura/aura/internal/scheduler/maintenance.go:187.2,187.13 1 1
github.com/aura/aura/internal/scheduler/maintenance.go:187.13,189.3 1 1
github.com/aura/aura/internal/scheduler/maintenance.go:190.2,191.27 2 1
github.com/aura/aura/internal/scheduler/maintenance.go:191.27,193.3 1 1
github.com/aura/aura/internal/scheduler/maintenance.go:194.2,194.27 1 1
github.com/aura/aura/internal/scheduler/maintenance.go:194.27,197.28 3 1
github.com/aura/aura/internal/scheduler/maintenance.go:197.28,199.26 2 1
github.com/aura/aura/internal/scheduler/maintenance.go:199.26,201.5 1 1
github.com/aura/aura/internal/scheduler/maintenance.go:201.10,203.5 1 1
github.com/aura/aura/internal/scheduler/maintenance.go:204.4,204.14 1 1
github.com/aura/aura/internal/scheduler/maintenance.go:207.2,207.16 1 1
github.com/aura/aura/internal/scheduler/maintenance.go:210.28,211.11 1 1
github.com/aura/aura/internal/scheduler/maintenance.go:211.11,212.12 1 1
github.com/aura/aura/internal/scheduler/maintenance.go:212.12,214.4 1 1
github.com/aura/aura/internal/scheduler/maintenance.go:215.3,215.11 1 1
github.com/aura/aura/internal/scheduler/maintenance.go:217.2,217.11 1 1
github.com/aura/aura/internal/scheduler/maintenance.go:217.11,219.3 1 1
github.com/aura/aura/internal/scheduler/maintenance.go:220.2,220.10 1 1
github.com/aura/aura/internal/scheduler/scheduler.go:48.42,49.22 1 1
github.com/aura/aura/internal/scheduler/scheduler.go:49.22,51.3 1 1
github.com/aura/aura/internal/scheduler/scheduler.go:52.2,52.27 1 1
github.com/aura/aura/internal/scheduler/scheduler.go:52.27,54.3 1 1
github.com/aura/aura/internal/scheduler/scheduler.go:55.2,56.19 2 1
github.com/aura/aura/internal/scheduler/scheduler.go:56.19,58.3 1 1
github.com/aura/aura/internal/scheduler/scheduler.go:59.2,60.16 2 1
github.com/aura/aura/internal/scheduler/scheduler.go:60.16,62.3 1 1
github.com/aura/aura/internal/scheduler/scheduler.go:63.2,64.15 2 1
github.com/aura/aura/internal/scheduler/scheduler.go:64.15,66.3 1 1
github.com/aura/aura/internal/scheduler/scheduler.go:67.2,68.16 2 1
github.com/aura/aura/internal/scheduler/scheduler.go:68.16,70.3 1 1
github.com/aura/aura/internal/scheduler/scheduler.go:71.2,78.8 1 1
github.com/aura/aura/internal/scheduler/scheduler.go:84.48,86.15 2 1
github.com/aura/aura/internal/scheduler/scheduler.go:86.15,89.3 2 0
github.com/aura/aura/internal/scheduler/scheduler.go:90.2,95.19 5 1
github.com/aura/aura/internal/scheduler/scheduler.go:100.28,103.16 3 1
github.com/aura/aura/internal/scheduler/scheduler.go:103.16,105.3 1 1
github.com/aura/aura/internal/scheduler/scheduler.go:106.2,106.21 1 1
github.com/aura/aura/internal/scheduler/scheduler.go:106.21,108.3 1 1
github.com/aura/aura/internal/scheduler/scheduler.go:109.2,109.19 1 1
github.com/aura/aura/internal/scheduler/scheduler.go:112.46,121.6 5 1
github.com/aura/aura/internal/scheduler/scheduler.go:121.6,122.10 1 1
github.com/aura/aura/internal/scheduler/scheduler.go:123.21,125.10 2 1
github.com/aura/aura/internal/scheduler/scheduler.go:126.14,127.18 1 1
github.com/aura/aura/internal/scheduler/scheduler.go:132.50,135.16 3 1
github.com/aura/aura/internal/scheduler/scheduler.go:135.16,138.3 2 1
github.com/aura/aura/internal/scheduler/scheduler.go:139.2,139.27 1 1
github.com/aura/aura/internal/scheduler/scheduler.go:139.27,141.3 1 1
github.com/aura/aura/internal/scheduler/scheduler.go:144.81,153.95 4 1
github.com/aura/aura/internal/scheduler/scheduler.go:153.95,156.3 2 0
github.com/aura/aura/internal/scheduler/scheduler.go:157.2,157.24 1 1
github.com/aura/aura/internal/scheduler/scheduler.go:157.24,161.3 1 0
github.com/aura/aura/internal/scheduler/scheduler.go:161.8,166.3 1 1
github.com/aura/aura/internal/scheduler/scheduler.go:171.130,172.24 1 1
github.com/aura/aura/internal/scheduler/scheduler.go:172.24,174.3 1 1
github.com/aura/aura/internal/scheduler/scheduler.go:176.2,176.24 1 1
github.com/aura/aura/internal/scheduler/scheduler.go:176.24,178.17 2 1
github.com/aura/aura/internal/scheduler/scheduler.go:178.17,185.4 1 0
github.com/aura/aura/internal/scheduler/scheduler.go:186.3,186.37 1 1
github.com/aura/aura/internal/scheduler/scheduler.go:191.2,191.24 1 1
github.com/aura/aura/internal/scheduler/scheduler.go:191.24,193.3 1 1
github.com/aura/aura/internal/scheduler/scheduler.go:194.2,194.39 1 1
github.com/aura/aura/internal/scheduler/store.go:105.45,107.16 2 1
github.com/aura/aura/internal/scheduler/store.go:107.16,109.3 1 0
github.com/aura/aura/internal/scheduler/store.go:110.2,110.34 1 1
github.com/aura/aura/internal/scheduler/store.go:110.34,113.3 2 0
github.com/aura/aura/internal/scheduler/store.go:114.2,115.36 2 1
github.com/aura/aura/internal/scheduler/store.go:115.36,118.3 2 0
github.com/aura/aura/internal/scheduler/store.go:119.2,119.15 1 1
github.com/aura/aura/internal/scheduler/store.go:124.49,126.36 2 0
github.com/aura/aura/internal/scheduler/store.go:126.36,128.3 1 0
github.com/aura/aura/internal/scheduler/store.go:129.2,129.15 1 0
github.com/aura/aura/internal/scheduler/store.go:135.31,137.2 1 1
github.com/aura/aura/internal/scheduler/store.go:141.30,143.2 1 0
github.com/aura/aura/internal/scheduler/store.go:145.33,146.48 1 1
github.com/aura/aura/internal/scheduler/store.go:146.48,148.3 1 0
github.com/aura/aura/internal/scheduler/store.go:149.2,149.54 1 1
github.com/aura/aura/internal/scheduler/store.go:149.54,151.3 1 0
github.com/aura/aura/internal/scheduler/store.go:152.2,152.61 1 1
github.com/aura/aura/internal/scheduler/store.go:152.61,154.3 1 0
github.com/aura/aura/internal/scheduler/store.go:155.2,155.63 1 1
github.com/aura/aura/internal/scheduler/store.go:155.63,157.3 1 0
github.com/aura/aura/internal/scheduler/store.go:158.2,158.58 1 1
github.com/aura/aura/internal/scheduler/store.go:158.58,160.3 1 0
github.com/aura/aura/internal/scheduler/store.go:161.2,161.12 1 1
github.com/aura/aura/internal/scheduler/store.go:168.48,170.16 2 1
github.com/aura/aura/internal/scheduler/store.go:170.16,172.3 1 0
github.com/aura/aura/internal/scheduler/store.go:173.2,175.18 3 1
github.com/aura/aura/internal/scheduler/store.go:175.18,181.78 6 0
github.com/aura/aura/internal/scheduler/store.go:181.78,183.4 1 0
github.com/aura/aura/internal/scheduler/store.go:184.3,184.24 1 0
github.com/aura/aura/internal/scheduler/store.go:184.24,186.4 1 0
github.com/aura/aura/internal/scheduler/store.go:188.2,188.26 1 1
github.com/aura/aura/internal/scheduler/store.go:188.26,190.3 1 1
github.com/aura/aura/internal/scheduler/store.go:191.2,192.12 2 0
github.com/aura/aura/internal/scheduler/store.go:199.69,200.18 1 1
github.com/aura/aura/internal/scheduler/store.go:200.18,202.3 1 0
github.com/aura/aura/internal/scheduler/store.go:203.2,203.50 1 1
github.com/aura/aura/internal/scheduler/store.go:203.50,205.3 1 1
github.com/aura/aura/internal/scheduler/store.go:206.2,207.26 2 1
github.com/aura/aura/internal/scheduler/store.go:207.26,209.3 1 1
github.com/aura/aura/internal/scheduler/store.go:210.2,211.20 2 1
github.com/aura/aura/internal/scheduler/store.go:211.20,213.3 1 1
github.com/aura/aura/internal/scheduler/store.go:215.2,218.27 4 1
github.com/aura/aura/internal/scheduler/store.go:218.27,220.3 1 0
github.com/aura/aura/internal/scheduler/store.go:222.2,243.16 2 1
github.com/aura/aura/internal/scheduler/store.go:243.16,245.3 1 0
github.com/aura/aura/internal/scheduler/store.go:246.2,246.33 1 1
github.com/aura/aura/internal/scheduler/store.go:250.76,254.2 3 1
github.com/aura/aura/internal/scheduler/store.go:258.81,261.24 3 1
github.com/aura/aura/internal/scheduler/store.go:261.24,264.3 2 0
github.com/aura/aura/internal/scheduler/store.go:265.2,267.16 3 1
github.com/aura/aura/internal/scheduler/store.go:267.16,269.3 1 0
github.com/aura/aura/internal/scheduler/store.go:270.2,273.18 3 1
github.com/aura/aura/internal/scheduler/store.go:273.18,275.17 2 1
github.com/aura/aura/internal/scheduler/store.go:275.17,277.4 1 0
github.com/aura/aura/internal/scheduler/store.go:278.3,278.23 1 1
github.com/aura/aura/internal/scheduler/store.go:280.2,280.24 1 1
github.com/aura/aura/internal/scheduler/store.go:285.79,293.16 3 1
github.com/aura/aura/internal/scheduler/store.go:293.16,295.3 1 1
github.com/aura/aura/internal/scheduler/store.go:296.2,299.18 3 1
github.com/aura/aura/internal/scheduler/store.go:299.18,301.17 2 1
github.com/aura/aura/internal/scheduler/store.go:301.17,303.4 1 0
github.com/aura/aura/internal/scheduler/store.go:304.3,304.23 1 1
github.com/aura/aura/internal/scheduler/store.go:306.2,306.24 1 1
github.com/aura/aura/internal/scheduler/store.go:312.123,326.16 3 1
github.com/aura/aura/internal/scheduler/store.go:326.16,328.3 1 0
github.com/aura/aura/internal/scheduler/store.go:329.2,329.12 1 1
github.com/aura/aura/internal/scheduler/store.go:334.72,344.16 3 1
github.com/aura/aura/internal/scheduler/store.go:344.16,346.3 1 0
github.com/aura/aura/internal/scheduler/store.go:347.2,348.16 2 1
github.com/aura/aura/internal/scheduler/store.go:348.16,350.3 1 0
github.com/aura/aura/internal/scheduler/store.go:351.2,351.19 1 1
github.com/aura/aura/internal/scheduler/store.go:356.64,358.16 2 0
github.com/aura/aura/internal/scheduler/store.go:358.16,360.3 1 0
github.com/aura/aura/internal/scheduler/store.go:361.2,361.12 1 0
github.com/aura/aura/internal/scheduler/store.go:365.44,366.24 1 1
github.com/aura/aura/internal/scheduler/store.go:367.18,368.28 1 1
github.com/aura/aura/internal/scheduler/store.go:368.28,370.4 1 0
github.com/aura/aura/internal/scheduler/store.go:371.3,371.28 1 1
github.com/aura/aura/internal/scheduler/store.go:371.28,373.4 1 1
github.com/aura/aura/internal/scheduler/store.go:374.21,375.28 1 1
github.com/aura/aura/internal/scheduler/store.go:375.28,377.4 1 1
github.com/aura/aura/internal/scheduler/store.go:378.3,378.29 1 1
github.com/aura/aura/internal/scheduler/store.go:378.29,380.4 1 0
github.com/aura/aura/internal/scheduler/store.go:381.3,381.63 1 1
github.com/aura/aura/internal/scheduler/store.go:381.63,383.4 1 1
github.com/aura/aura/internal/scheduler/store.go:384.10,385.75 1 1
github.com/aura/aura/internal/scheduler/store.go:387.2,387.12 1 1
github.com/aura/aura/internal/scheduler/store.go:390.47,391.59 1 1
github.com/aura/aura/internal/scheduler/store.go:391.59,393.3 1 1
github.com/aura/aura/internal/scheduler/store.go:394.2,394.85 1 1
github.com/aura/aura/internal/scheduler/store.go:397.49,398.62 1 1
github.com/aura/aura/internal/scheduler/store.go:398.62,400.3 1 1
github.com/aura/aura/internal/scheduler/store.go:401.2,401.61 1 1
github.com/aura/aura/internal/scheduler/store.go:414.44,432.16 2 1
github.com/aura/aura/internal/scheduler/store.go:432.16,434.3 1 0
github.com/aura/aura/internal/scheduler/store.go:435.2,438.22 4 1
github.com/aura/aura/internal/scheduler/store.go:438.22,440.17 2 1
github.com/aura/aura/internal/scheduler/store.go:440.17,442.4 1 0
github.com/aura/aura/internal/scheduler/store.go:443.3,443.26 1 1
github.com/aura/aura/internal/scheduler/store.go:445.2,445.25 1 1
github.com/aura/aura/internal/scheduler/store.go:445.25,447.3 1 1
github.com/aura/aura/internal/scheduler/store.go:448.2,448.21 1 1
github.com/aura/aura/internal/scheduler/store.go:448.21,450.17 2 1
github.com/aura/aura/internal/scheduler/store.go:450.17,452.4 1 0
github.com/aura/aura/internal/scheduler/store.go:453.3,453.25 1 1
github.com/aura/aura/internal/scheduler/store.go:455.2,456.16 2 1
github.com/aura/aura/internal/scheduler/store.go:456.16,458.3 1 0
github.com/aura/aura/internal/scheduler/store.go:459.2,461.16 3 1
github.com/aura/aura/internal/scheduler/store.go:461.16,463.3 1 0
github.com/aura/aura/internal/scheduler/store.go:464.2,466.16 3 1
github.com/aura/aura/internal/scheduler/store.go:466.16,468.3 1 0
github.com/aura/aura/internal/scheduler/store.go:469.2,470.16 2 1
github.com/aura/aura/internal/scheduler/store.go:475.61,477.65 2 1
github.com/aura/aura/internal/scheduler/store.go:477.65,479.3 1 1
github.com/aura/aura/internal/scheduler/store.go:480.2,480.86 1 1
github.com/aura/aura/internal/scheduler/store.go:480.86,482.3 1 1
github.com/aura/aura/internal/scheduler/store.go:483.2,483.92 1 1
github.com/aura/aura/internal/scheduler/store.go:483.92,485.3 1 1
github.com/aura/aura/internal/scheduler/store.go:486.2,486.26 1 1
github.com/aura/aura/internal/scheduler/store.go:492.89,494.16 2 1
github.com/aura/aura/internal/scheduler/store.go:494.16,496.3 1 0
github.com/aura/aura/internal/scheduler/store.go:497.2,497.16 1 1
github.com/aura/aura/internal/scheduler/store.go:497.16,499.3 1 0
github.com/aura/aura/internal/scheduler/store.go:500.2,502.34 3 1
github.com/aura/aura/internal/scheduler/store.go:502.34,504.3 1 1
github.com/aura/aura/internal/scheduler/store.go:505.2,505.29 1 1
github.com/aura/aura/internal/scheduler/testdb.go:15.38,19.16 4 1
github.com/aura/aura/internal/scheduler/testdb.go:19.16,21.3 1 0
github.com/aura/aura/internal/scheduler/testdb.go:22.2,22.19 1 1
github.com/aura/aura/internal/scheduler/testdb.go:22.19,22.33 1 1
github.com/aura/aura/internal/scheduler/testdb.go:25.2,25.46 1 1
github.com/aura/aura/internal/scheduler/testdb.go:25.46,27.3 1 0
github.com/aura/aura/internal/scheduler/testdb.go:28.2,28.59 1 1
github.com/aura/aura/internal/scheduler/testdb.go:28.59,30.3 1 0
github.com/aura/aura/internal/scheduler/testdb.go:31.2,31.61 1 1
github.com/aura/aura/internal/scheduler/testdb.go:31.61,33.3 1 0
github.com/aura/aura/internal/scheduler/testdb.go:34.2,34.56 1 1
github.com/aura/aura/internal/scheduler/testdb.go:34.56,36.3 1 0
github.com/aura/aura/internal/scheduler/testdb.go:37.2,37.11 1 1
github.com/aura/aura/internal/scheduler/types.go:71.35,73.2 1 1
github.com/aura/aura/internal/api/auth.go:14.51,15.54 1 1
github.com/aura/aura/internal/api/auth.go:15.54,16.23 1 1
github.com/aura/aura/internal/api/auth.go:16.23,19.4 2 0
github.com/aura/aura/internal/api/auth.go:20.3,21.18 2 1
github.com/aura/aura/internal/api/auth.go:21.18,25.4 2 0
github.com/aura/aura/internal/api/auth.go:26.3,26.98 1 1
github.com/aura/aura/internal/api/auth.go:26.98,30.4 3 0
github.com/aura/aura/internal/api/auth.go:31.3,31.71 1 1
github.com/aura/aura/internal/api/auth.go:39.51,40.54 1 1
github.com/aura/aura/internal/api/auth.go:40.54,44.3 1 1
github.com/aura/aura/internal/api/conversations.go:14.57,15.54 1 1
github.com/aura/aura/internal/api/conversations.go:15.54,17.22 2 1
github.com/aura/aura/internal/api/conversations.go:17.22,20.4 2 1
github.com/aura/aura/internal/api/conversations.go:21.3,22.17 2 1
github.com/aura/aura/internal/api/conversations.go:22.17,25.4 2 0
github.com/aura/aura/internal/api/conversations.go:27.3,28.53 2 1
github.com/aura/aura/internal/api/conversations.go:28.53,29.57 1 1
github.com/aura/aura/internal/api/conversations.go:29.57,31.5 1 1
github.com/aura/aura/internal/api/conversations.go:34.3,34.26 1 1
github.com/aura/aura/internal/api/conversations.go:34.26,37.4 2 1
github.com/aura/aura/internal/api/conversations.go:39.3,40.17 2 1
github.com/aura/aura/internal/api/conversations.go:40.17,43.4 2 0
github.com/aura/aura/internal/api/conversations.go:45.3,46.27 2 1
github.com/aura/aura/internal/api/conversations.go:46.27,48.4 1 1
github.com/aura/aura/internal/api/conversations.go:49.3,49.48 1 1
github.com/aura/aura/internal/api/conversations.go:53.59,54.54 1 1
github.com/aura/aura/internal/api/conversations.go:54.54,57.17 3 1
github.com/aura/aura/internal/api/conversations.go:57.17,60.4 2 0
github.com/aura/aura/internal/api/conversations.go:62.3,62.26 1 1
github.com/aura/aura/internal/api/conversations.go:62.26,65.4 2 0
github.com/aura/aura/internal/api/conversations.go:67.3,68.17 2 1
github.com/aura/aura/internal/api/conversations.go:68.17,69.37 1 1
github.com/aura/aura/internal/api/conversations.go:69.37,72.5 2 1
github.com/aura/aura/internal/api/conversations.go:73.4,74.10 2 0
github.com/aura/aura/internal/api/conversations.go:77.3,77.63 1 1
github.com/aura/aura/internal/api/conversations.go:81.54,98.2 1 1
github.com/aura/aura/internal/api/conversations.go:100.62,117.2 1 1
github.com/aura/aura/internal/api/health.go:24.27,25.28 1 1
github.com/aura/aura/internal/api/health.go:25.28,27.10 2 1
github.com/aura/aura/internal/api/health.go:27.10,29.4 1 0
github.com/aura/aura/internal/api/health.go:30.3,30.35 1 1
github.com/aura/aura/internal/api/health.go:30.35,31.52 1 1
github.com/aura/aura/internal/api/health.go:31.52,36.5 2 0
github.com/aura/aura/internal/api/health.go:39.2,39.23 1 1
github.com/aura/aura/internal/api/health.go:42.47,43.54 1 1
github.com/aura/aura/internal/api/health.go:43.54,54.31 5 1
github.com/aura/aura/internal/api/health.go:54.31,58.4 3 0
github.com/aura/aura/internal/api/health.go:61.3,62.17 2 1
github.com/aura/aura/internal/api/health.go:62.17,64.4 1 0
github.com/aura/aura/internal/api/health.go:64.9,66.4 1 1
github.com/aura/aura/internal/api/health.go:67.3,67.65 1 1
github.com/aura/aura/internal/api/health.go:67.65,69.4 1 1
github.com/aura/aura/internal/api/health.go:72.3,72.73 1 1
github.com/aura/aura/internal/api/health.go:72.73,73.32 1 1
github.com/aura/aura/internal/api/health.go:73.32,75.5 1 1
github.com/aura/aura/internal/api/health.go:76.9,78.4 1 0
github.com/aura/aura/internal/api/health.go:81.3,81.63 1 1
github.com/aura/aura/internal/api/health.go:81.63,82.32 1 1
github.com/aura/aura/internal/api/health.go:82.32,84.45 2 1
github.com/aura/aura/internal/api/health.go:84.45,86.83 2 1
github.com/aura/aura/internal/api/health.go:86.83,88.7 1 1
github.com/aura/aura/internal/api/health.go:91.9,93.4 1 0
github.com/aura/aura/internal/api/health.go:97.3,97.29 1 1
github.com/aura/aura/internal/api/health.go:97.29,101.4 3 0
github.com/aura/aura/internal/api/health.go:104.3,106.51 2 1
github.com/aura/aura/internal/api/health.go:112.77,117.16 4 1
github.com/aura/aura/internal/api/health.go:117.16,119.3 1 1
github.com/aura/aura/internal/api/health.go:120.2,124.21 4 1
github.com/aura/aura/internal/api/health.go:124.21,127.36 2 1
github.com/aura/aura/internal/api/health.go:127.36,128.12 1 1
github.com/aura/aura/internal/api/health.go:130.3,131.21 2 1
github.com/aura/aura/internal/api/health.go:131.21,132.12 1 0
github.com/aura/aura/internal/api/health.go:134.3,135.45 2 1
github.com/aura/aura/internal/api/health.go:135.45,136.12 1 1
github.com/aura/aura/internal/api/health.go:138.3,140.17 3 1
github.com/aura/aura/internal/api/health.go:140.17,141.12 1 0
github.com/aura/aura/internal/api/health.go:143.3,143.29 1 1
github.com/aura/aura/internal/api/health.go:143.29,145.4 1 1
github.com/aura/aura/internal/api/health.go:148.2,149.20 2 1
github.com/aura/aura/internal/api/health.go:149.20,151.3 1 1
github.com/aura/aura/internal/api/health.go:152.2,156.3 1 1
github.com/aura/aura/internal/api/maintenance.go:13.56,14.54 1 1
github.com/aura/aura/internal/api/maintenance.go:14.54,15.25 1 1
github.com/aura/aura/internal/api/maintenance.go:15.25,18.4 2 1
github.com/aura/aura/internal/api/maintenance.go:19.3,20.19 2 1
github.com/aura/aura/internal/api/maintenance.go:20.19,22.4 1 1
github.com/aura/aura/internal/api/maintenance.go:23.3,26.17 3 1
github.com/aura/aura/internal/api/maintenance.go:26.17,29.4 2 0
github.com/aura/aura/internal/api/maintenance.go:31.3,32.30 2 1
github.com/aura/aura/internal/api/maintenance.go:32.30,33.52 1 1
github.com/aura/aura/internal/api/maintenance.go:33.52,34.13 1 1
github.com/aura/aura/internal/api/maintenance.go:36.4,36.40 1 1
github.com/aura/aura/internal/api/maintenance.go:38.3,38.48 1 1
github.com/aura/aura/internal/api/maintenance.go:42.59,43.54 1 1
github.com/aura/aura/internal/api/maintenance.go:43.54,46.17 3 1
github.com/aura/aura/internal/api/maintenance.go:46.17,49.4 2 0
github.com/aura/aura/internal/api/maintenance.go:50.3,50.25 1 1
github.com/aura/aura/internal/api/maintenance.go:50.25,53.4 2 0
github.com/aura/aura/internal/api/maintenance.go:56.3,57.17 2 1
github.com/aura/aura/internal/api/maintenance.go:57.17,58.50 1 1
github.com/aura/aura/internal/api/maintenance.go:58.50,61.5 2 1
github.com/aura/aura/internal/api/maintenance.go:62.4,63.10 2 0
github.com/aura/aura/internal/api/maintenance.go:65.3,65.29 1 1
github.com/aura/aura/internal/api/maintenance.go:65.29,68.4 2 1
github.com/aura/aura/internal/api/maintenance.go:70.3,70.62 1 1
github.com/aura/aura/internal/api/maintenance.go:70.62,71.50 1 0
github.com/aura/aura/internal/api/maintenance.go:71.50,74.5 2 0
github.com/aura/aura/internal/api/maintenance.go:75.4,76.10 2 0
github.com/aura/aura/internal/api/maintenance.go:78.3,81.62 4 1
github.com/aura/aura/internal/api/maintenance.go:85.46,96.25 2 1
github.com/aura/aura/internal/api/maintenance.go:96.25,98.3 1 1
github.com/aura/aura/internal/api/maintenance.go:99.2,99.12 1 1
github.com/aura/aura/internal/api/mcp.go:8.51,9.54 1 1
github.com/aura/aura/internal/api/mcp.go:9.54,11.30 2 1
github.com/aura/aura/internal/api/mcp.go:11.30,12.16 1 1
github.com/aura/aura/internal/api/mcp.go:12.16,13.13 1 1
github.com/aura/aura/internal/api/mcp.go:15.4,22.31 3 1
github.com/aura/aura/internal/api/mcp.go:22.31,28.5 1 1
github.com/aura/aura/internal/api/mcp.go:29.4,29.50 1 1
github.com/aura/aura/internal/api/mcp.go:29.50,31.5 1 0
github.com/aura/aura/internal/api/mcp.go:32.4,32.30 1 1
github.com/aura/aura/internal/api/mcp.go:34.3,34.39 1 1
github.com/aura/aura/internal/api/mcp.go:34.39,34.75 1 0
github.com/aura/aura/internal/api/mcp.go:35.3,35.48 1 1
github.com/aura/aura/internal/api/mcp_write.go:34.50,35.54 1 1
github.com/aura/aura/internal/api/mcp_write.go:35.54,38.50 3 1
github.com/aura/aura/internal/api/mcp_write.go:38.50,41.4 2 1
github.com/aura/aura/internal/api/mcp_write.go:42.3,42.43 1 1
github.com/aura/aura/internal/api/mcp_write.go:42.43,45.4 2 1
github.com/aura/aura/internal/api/mcp_write.go:47.3,48.20 2 1
github.com/aura/aura/internal/api/mcp_write.go:48.20,51.4 2 0
github.com/aura/aura/internal/api/mcp_write.go:52.3,52.40 1 1
github.com/aura/aura/internal/api/mcp_write.go:52.40,55.4 2 1
github.com/aura/aura/internal/api/mcp_write.go:57.3,58.17 2 1
github.com/aura/aura/internal/api/mcp_write.go:58.17,61.4 2 1
github.com/aura/aura/internal/api/mcp_write.go:63.3,68.17 5 1
github.com/aura/aura/internal/api/mcp_write.go:68.17,83.4 4 1
github.com/aura/aura/internal/api/mcp_write.go:84.3,87.5 1 1
github.com/aura/aura/internal/api/mcp_write.go:93.59,96.16 3 1
github.com/aura/aura/internal/api/mcp_write.go:96.16,98.3 1 0
github.com/aura/aura/internal/api/mcp_write.go:99.2,100.40 2 1
github.com/aura/aura/internal/api/mcp_write.go:100.40,102.3 1 1
github.com/aura/aura/internal/api/mcp_write.go:103.2,106.42 4 1
github.com/aura/aura/internal/api/mcp_write.go:106.42,108.3 1 1
github.com/aura/aura/internal/api/mcp_write.go:109.2,109.18 1 1
github.com/aura/aura/internal/api/mcp_write.go:112.37,113.34 1 1
github.com/aura/aura/internal/api/mcp_write.go:113.34,115.3 1 1
github.com/aura/aura/internal/api/mcp_write.go:116.2,116.52 1 1
github.com/aura/aura/internal/api/mcp_write.go:119.68,120.28 1 1
github.com/aura/aura/internal/api/mcp_write.go:120.28,121.35 1 1
github.com/aura/aura/internal/api/mcp_write.go:121.35,123.4 1 1
github.com/aura/aura/internal/api/mcp_write.go:125.2,125.14 1 1
github.com/aura/aura/internal/api/mcp_write.go:128.68,129.28 1 1
github.com/aura/aura/internal/api/mcp_write.go:129.28,130.35 1 1
github.com/aura/aura/internal/api/mcp_write.go:130.35,132.4 1 1
github.com/aura/aura/internal/api/mcp_write.go:134.2,134.12 1 0
github.com/aura/aura/internal/api/mcp_write.go:137.58,138.30 1 1
github.com/aura/aura/internal/api/mcp_write.go:138.30,139.25 1 1
github.com/aura/aura/internal/api/mcp_write.go:139.25,141.4 1 1
github.com/aura/aura/internal/api/mcp_write.go:143.2,143.14 1 1
github.com/aura/aura/internal/api/pending.go:35.52,36.54 1 1
github.com/aura/aura/internal/api/pending.go:36.54,37.23 1 1
github.com/aura/aura/internal/api/pending.go:37.23,40.4 2 0
github.com/aura/aura/internal/api/pending.go:41.3,42.17 2 1
github.com/aura/aura/internal/api/pending.go:42.17,46.4 3 0
github.com/aura/aura/internal/api/pending.go:47.3,48.26 2 1
github.com/aura/aura/internal/api/pending.go:48.26,54.4 1 1
github.com/aura/aura/internal/api/pending.go:55.3,55.48 1 1
github.com/aura/aura/internal/api/pending.go:59.55,60.54 1 1
github.com/aura/aura/internal/api/pending.go:60.54,61.34 1 1
github.com/aura/aura/internal/api/pending.go:61.34,64.4 2 0
github.com/aura/aura/internal/api/pending.go:65.3,66.36 2 1
github.com/aura/aura/internal/api/pending.go:66.36,69.4 2 1
github.com/aura/aura/internal/api/pending.go:70.3,70.77 1 1
github.com/aura/aura/internal/api/pending.go:70.77,71.39 1 1
github.com/aura/aura/internal/api/pending.go:71.39,74.5 2 1
github.com/aura/aura/internal/api/pending.go:75.4,77.10 3 1
github.com/aura/aura/internal/api/pending.go:79.3,79.86 1 1
github.com/aura/aura/internal/api/pending.go:83.52,84.54 1 1
github.com/aura/aura/internal/api/pending.go:84.54,85.34 1 1
github.com/aura/aura/internal/api/pending.go:85.34,88.4 2 0
github.com/aura/aura/internal/api/pending.go:89.3,90.36 2 1
github.com/aura/aura/internal/api/pending.go:90.36,93.4 2 0
github.com/aura/aura/internal/api/pending.go:94.3,94.74 1 1
github.com/aura/aura/internal/api/pending.go:94.74,95.39 1 0
github.com/aura/aura/internal/api/pending.go:95.39,98.5 2 0
github.com/aura/aura/internal/api/pending.go:99.4,101.10 3 0
github.com/aura/aura/internal/api/pending.go:103.3,103.86 1 1
github.com/aura/aura/internal/api/router.go:138.40,139.24 1 1
github.com/aura/aura/internal/api/router.go:139.24,141.3 1 1
github.com/aura/aura/internal/api/router.go:142.2,213.22 38 1
github.com/aura/aura/internal/api/router.go:213.22,215.3 1 1
github.com/aura/aura/internal/api/router.go:216.2,216.12 1 1
github.com/aura/aura/internal/api/router.go:230.79,233.70 3 1
github.com/aura/aura/internal/api/router.go:233.70,235.3 1 0
github.com/aura/aura/internal/api/router.go:239.85,241.2 1 1
github.com/aura/aura/internal/api/skills.go:19.51,20.54 1 1
github.com/aura/aura/internal/api/skills.go:20.54,21.25 1 1
github.com/aura/aura/internal/api/skills.go:21.25,24.4 2 1
github.com/aura/aura/internal/api/skills.go:25.3,26.17 2 1
github.com/aura/aura/internal/api/skills.go:26.17,30.4 3 0
github.com/aura/aura/internal/api/skills.go:31.3,32.28 2 1
github.com/aura/aura/internal/api/skills.go:32.28,34.4 1 1
github.com/aura/aura/internal/api/skills.go:35.3,35.48 1 1
github.com/aura/aura/internal/api/skills.go:39.49,40.54 1 1
github.com/aura/aura/internal/api/skills.go:40.54,41.25 1 1
github.com/aura/aura/internal/api/skills.go:41.25,44.4 2 1
github.com/aura/aura/internal/api/skills.go:45.3,46.37 2 1
github.com/aura/aura/internal/api/skills.go:46.37,49.4 2 1
github.com/aura/aura/internal/api/skills.go:50.3,51.17 2 1
github.com/aura/aura/internal/api/skills.go:51.17,52.38 1 1
github.com/aura/aura/internal/api/skills.go:52.38,55.5 2 1
github.com/aura/aura/internal/api/skills.go:56.4,58.10 3 0
github.com/aura/aura/internal/api/skills.go:60.3,62.36 3 1
github.com/aura/aura/internal/api/skills.go:62.36,65.4 2 1
github.com/aura/aura/internal/api/skills.go:66.3,71.5 1 1
github.com/aura/aura/internal/api/skills_catalog.go:13.54,14.54 1 1
github.com/aura/aura/internal/api/skills_catalog.go:14.54,15.32 1 1
github.com/aura/aura/internal/api/skills_catalog.go:15.32,18.4 2 1
github.com/aura/aura/internal/api/skills_catalog.go:19.3,21.51 3 1
github.com/aura/aura/internal/api/skills_catalog.go:21.51,22.67 1 0
github.com/aura/aura/internal/api/skills_catalog.go:22.67,24.5 1 0
github.com/aura/aura/internal/api/skills_catalog.go:26.3,27.17 2 1
github.com/aura/aura/internal/api/skills_catalog.go:27.17,31.4 3 1
github.com/aura/aura/internal/api/skills_catalog.go:32.3,33.30 2 1
github.com/aura/aura/internal/api/skills_catalog.go:33.30,41.4 1 1
github.com/aura/aura/internal/api/skills_catalog.go:42.3,42.48 1 1
github.com/aura/aura/internal/api/skills_write.go:46.53,47.54 1 1
github.com/aura/aura/internal/api/skills_write.go:47.54,48.24 1 1
github.com/aura/aura/internal/api/skills_write.go:48.24,51.4 2 1
github.com/aura/aura/internal/api/skills_write.go:52.3,52.34 1 1
github.com/aura/aura/internal/api/skills_write.go:52.34,55.4 2 1
github.com/aura/aura/internal/api/skills_write.go:56.3,57.49 2 1
github.com/aura/aura/internal/api/skills_write.go:57.49,60.4 2 0
github.com/aura/aura/internal/api/skills_write.go:61.3,63.23 3 1
github.com/aura/aura/internal/api/skills_write.go:63.23,66.4 2 1
github.com/aura/aura/internal/api/skills_write.go:67.3,67.85 1 1
github.com/aura/aura/internal/api/skills_write.go:67.85,70.4 2 1
github.com/aura/aura/internal/api/skills_write.go:71.3,71.70 1 1
github.com/aura/aura/internal/api/skills_write.go:71.70,74.4 2 1
github.com/aura/aura/internal/api/skills_write.go:78.3,81.17 4 1
github.com/aura/aura/internal/api/skills_write.go:81.17,92.4 3 1
github.com/aura/aura/internal/api/skills_write.go:93.3,96.5 1 1
github.com/aura/aura/internal/api/skills_write.go:100.52,101.54 1 1
github.com/aura/aura/internal/api/skills_write.go:101.54,102.24 1 1
github.com/aura/aura/internal/api/skills_write.go:102.24,105.4 2 1
github.com/aura/aura/internal/api/skills_write.go:106.3,106.32 1 1
github.com/aura/aura/internal/api/skills_write.go:106.32,109.4 2 0
github.com/aura/aura/internal/api/skills_write.go:110.3,111.37 2 1
github.com/aura/aura/internal/api/skills_write.go:111.37,114.4 2 1
github.com/aura/aura/internal/api/skills_write.go:115.3,115.57 1 1
github.com/aura/aura/internal/api/skills_write.go:115.57,116.40 1 1
github.com/aura/aura/internal/api/skills_write.go:116.40,119.5 2 1
github.com/aura/aura/internal/api/skills_write.go:120.4,122.10 3 1
github.com/aura/aura/internal/api/skills_write.go:124.3,124.86 1 1
github.com/aura/aura/internal/api/skills_write.go:130.34,132.19 2 1
github.com/aura/aura/internal/api/skills_write.go:132.19,134.3 1 1
github.com/aura/aura/internal/api/skills_write.go:135.2,135.37 1 1
github.com/aura/aura/internal/api/sources.go:11.51,12.54 1 1
github.com/aura/aura/internal/api/sources.go:12.54,17.51 2 1
github.com/aura/aura/internal/api/sources.go:17.51,20.4 2 1
github.com/aura/aura/internal/api/sources.go:21.3,21.57 1 1
github.com/aura/aura/internal/api/sources.go:21.57,24.4 2 1
github.com/aura/aura/internal/api/sources.go:25.3,26.17 2 1
github.com/aura/aura/internal/api/sources.go:26.17,30.4 3 0
github.com/aura/aura/internal/api/sources.go:31.3,32.31 2 1
github.com/aura/aura/internal/api/sources.go:32.31,42.4 1 1
github.com/aura/aura/internal/api/sources.go:43.3,43.48 1 1
github.com/aura/aura/internal/api/sources.go:47.50,48.54 1 1
github.com/aura/aura/internal/api/sources.go:48.54,50.34 2 1
github.com/aura/aura/internal/api/sources.go:50.34,53.4 2 1
github.com/aura/aura/internal/api/sources.go:54.3,55.17 2 1
github.com/aura/aura/internal/api/sources.go:55.17,56.38 1 1
github.com/aura/aura/internal/api/sources.go:56.38,59.5 2 1
github.com/aura/aura/internal/api/sources.go:60.4,62.10 3 0
github.com/aura/aura/internal/api/sources.go:64.3,77.5 1 1
github.com/aura/aura/internal/api/sources.go:81.50,82.54 1 1
github.com/aura/aura/internal/api/sources.go:82.54,84.34 2 1
github.com/aura/aura/internal/api/sources.go:84.34,87.4 2 0
github.com/aura/aura/internal/api/sources.go:88.3,89.17 2 1
github.com/aura/aura/internal/api/sources.go:89.17,92.4 2 0
github.com/aura/aura/internal/api/sources.go:93.3,94.17 2 1
github.com/aura/aura/internal/api/sources.go:94.17,95.38 1 1
github.com/aura/aura/internal/api/sources.go:95.38,98.5 2 1
github.com/aura/aura/internal/api/sources.go:99.4,101.10 3 0
github.com/aura/aura/internal/api/sources.go:103.3,103.78 1 1
github.com/aura/aura/internal/api/sources.go:107.50,108.54 1 1
github.com/aura/aura/internal/api/sources.go:108.54,110.34 2 1
github.com/aura/aura/internal/api/sources.go:110.34,113.4 2 0
github.com/aura/aura/internal/api/sources.go:114.3,115.17 2 1
github.com/aura/aura/internal/api/sources.go:115.17,116.38 1 0
github.com/aura/aura/internal/api/sources.go:116.38,119.5 2 0
github.com/aura/aura/internal/api/sources.go:120.4,122.10 3 0
github.com/aura/aura/internal/api/sources.go:124.3,124.33 1 1
github.com/aura/aura/internal/api/sources.go:124.33,127.4 2 1
github.com/aura/aura/internal/api/sources.go:128.3,129.17 2 1
github.com/aura/aura/internal/api/sources.go:129.17,132.4 2 0
github.com/aura/aura/internal/api/sources.go:133.3,134.17 2 1
github.com/aura/aura/internal/api/sources.go:134.17,135.38 1 0
github.com/aura/aura/internal/api/sources.go:135.38,138.5 2 0
github.com/aura/aura/internal/api/sources.go:139.4,141.10 3 0
github.com/aura/aura/internal/api/sources.go:143.3,145.17 3 1
github.com/aura/aura/internal/api/sources.go:145.17,149.4 3 0
github.com/aura/aura/internal/api/sources.go:150.3,152.59 3 1
github.com/aura/aura/internal/api/sources.go:156.36,157.11 1 1
github.com/aura/aura/internal/api/sources.go:158.55,159.14 1 0
github.com/aura/aura/internal/api/sources.go:161.2,161.14 1 1
github.com/aura/aura/internal/api/sources.go:164.40,165.11 1 1
github.com/aura/aura/internal/api/sources.go:166.97,167.14 1 1
github.com/aura/aura/internal/api/sources.go:169.2,169.14 1 1
github.com/aura/aura/internal/api/sources_write.go:42.53,43.54 1 1
github.com/aura/aura/internal/api/sources_write.go:43.54,45.34 2 1
github.com/aura/aura/internal/api/sources_write.go:45.34,48.4 2 1
github.com/aura/aura/internal/api/sources_write.go:49.3,49.25 1 1
github.com/aura/aura/internal/api/sources_write.go:49.25,52.4 2 1
github.com/aura/aura/internal/api/sources_write.go:53.3,54.17 2 0
github.com/aura/aura/internal/api/sources_write.go:54.17,55.38 1 0
github.com/aura/aura/internal/api/sources_write.go:55.38,58.5 2 0
github.com/aura/aura/internal/api/sources_write.go:59.4,61.10 3 0
github.com/aura/aura/internal/api/sources_write.go:63.3,63.84 1 0
github.com/aura/aura/internal/api/sources_write.go:63.84,67.4 2 0
github.com/aura/aura/internal/api/sources_write.go:69.3,72.17 4 0
github.com/aura/aura/internal/api/sources_write.go:72.17,76.4 3 0
github.com/aura/aura/internal/api/sources_write.go:78.3,79.18 2 0
github.com/aura/aura/internal/api/sources_write.go:79.18,81.4 1 0
github.com/aura/aura/internal/api/sources_write.go:82.3,89.5 1 0
github.com/aura/aura/internal/api/sources_write.go:98.52,99.54 1 1
github.com/aura/aura/internal/api/sources_write.go:99.54,101.34 2 1
github.com/aura/aura/internal/api/sources_write.go:101.34,104.4 2 1
github.com/aura/aura/internal/api/sources_write.go:105.3,105.22 1 1
github.com/aura/aura/internal/api/sources_write.go:105.22,108.4 2 1
github.com/aura/aura/internal/api/sources_write.go:109.3,110.17 2 0
github.com/aura/aura/internal/api/sources_write.go:110.17,111.38 1 0
github.com/aura/aura/internal/api/sources_write.go:111.38,114.5 2 0
github.com/aura/aura/internal/api/sources_write.go:115.4,117.10 3 0
github.com/aura/aura/internal/api/sources_write.go:119.3,119.33 1 0
github.com/aura/aura/internal/api/sources_write.go:119.33,122.4 2 0
github.com/aura/aura/internal/api/sources_write.go:124.3,125.17 2 0
github.com/aura/aura/internal/api/sources_write.go:125.17,128.4 2 0
github.com/aura/aura/internal/api/sources_write.go:129.3,130.17 2 0
github.com/aura/aura/internal/api/sources_write.go:130.17,131.38 1 0
github.com/aura/aura/internal/api/sources_write.go:131.38,134.5 2 0
github.com/aura/aura/internal/api/sources_write.go:135.4,137.10 3 0
github.com/aura/aura/internal/api/sources_write.go:140.3,143.17 4 0
github.com/aura/aura/internal/api/sources_write.go:143.17,154.4 4 0
github.com/aura/aura/internal/api/sources_write.go:156.3,161.83 2 0
github.com/aura/aura/internal/api/sources_write.go:161.83,164.4 2 0
github.com/aura/aura/internal/api/sources_write.go:165.3,165.89 1 0
github.com/aura/aura/internal/api/sources_write.go:165.89,168.4 2 0
github.com/aura/aura/internal/api/sources_write.go:170.3,171.87 2 0
github.com/aura/aura/internal/api/sources_write.go:171.87,173.4 1 0
github.com/aura/aura/internal/api/sources_write.go:175.3,175.72 1 0
github.com/aura/aura/internal/api/sources_write.go:175.72,181.4 5 0
github.com/aura/aura/internal/api/sources_write.go:182.3,182.17 1 0
github.com/aura/aura/internal/api/sources_write.go:182.17,185.4 2 0
github.com/aura/aura/internal/api/sources_write.go:187.3,195.25 2 0
github.com/aura/aura/internal/api/sources_write.go:195.25,199.18 4 0
github.com/aura/aura/internal/api/sources_write.go:199.18,202.5 2 0
github.com/aura/aura/internal/api/sources_write.go:202.10,204.57 2 0
github.com/aura/aura/internal/api/sources_write.go:204.57,207.6 2 0
github.com/aura/aura/internal/api/sources_write.go:208.5,208.47 1 0
github.com/aura/aura/internal/api/sources_write.go:210.9,212.4 1 0
github.com/aura/aura/internal/api/sources_write.go:213.3,213.49 1 0
github.com/aura/aura/internal/api/sources_write.go:220.51,225.2 4 1
github.com/aura/aura/internal/api/static.go:24.44,26.16 2 1
github.com/aura/aura/internal/api/static.go:26.16,28.3 1 0
github.com/aura/aura/internal/api/static.go:29.2,29.54 1 1
github.com/aura/aura/internal/api/static.go:29.54,31.3 1 0
github.com/aura/aura/internal/api/static.go:32.2,33.71 2 1
github.com/aura/aura/internal/api/static.go:33.71,34.64 1 1
github.com/aura/aura/internal/api/static.go:34.64,37.4 2 1
github.com/aura/aura/internal/api/static.go:41.3,42.125 2 1
github.com/aura/aura/internal/api/static.go:42.125,45.4 2 1
github.com/aura/aura/internal/api/static.go:48.3,49.16 2 1
github.com/aura/aura/internal/api/static.go:49.16,51.4 1 1
github.com/aura/aura/internal/api/static.go:52.3,52.46 1 1
github.com/aura/aura/internal/api/static.go:52.46,55.4 2 1
github.com/aura/aura/internal/api/static.go:57.3,59.30 3 1
github.com/aura/aura/internal/api/summaries.go:13.54,14.54 1 1
github.com/aura/aura/internal/api/summaries.go:14.54,15.28 1 1
github.com/aura/aura/internal/api/summaries.go:15.28,18.4 2 1
github.com/aura/aura/internal/api/summaries.go:19.3,20.19 2 1
github.com/aura/aura/internal/api/summaries.go:20.19,22.4 1 1
github.com/aura/aura/internal/api/summaries.go:23.3,24.53 2 1
github.com/aura/aura/internal/api/summaries.go:24.53,25.57 1 0
github.com/aura/aura/internal/api/summaries.go:25.57,27.5 1 0
github.com/aura/aura/internal/api/summaries.go:29.3,30.17 2 1
github.com/aura/aura/internal/api/summaries.go:30.17,33.4 2 0
github.com/aura/aura/internal/api/summaries.go:34.3,35.26 2 1
github.com/aura/aura/internal/api/summaries.go:35.26,37.4 1 1
github.com/aura/aura/internal/api/summaries.go:38.3,38.48 1 1
github.com/aura/aura/internal/api/summaries.go:42.57,43.54 1 1
github.com/aura/aura/internal/api/summaries.go:43.54,45.17 2 1
github.com/aura/aura/internal/api/summaries.go:45.17,48.4 2 0
github.com/aura/aura/internal/api/summaries.go:49.3,49.28 1 1
github.com/aura/aura/internal/api/summaries.go:49.28,52.4 2 0
github.com/aura/aura/internal/api/summaries.go:55.3,56.17 2 1
github.com/aura/aura/internal/api/summaries.go:56.17,57.54 1 1
github.com/aura/aura/internal/api/summaries.go:57.54,60.5 2 1
github.com/aura/aura/internal/api/summaries.go:61.4,62.10 2 0
github.com/aura/aura/internal/api/summaries.go:64.3,64.35 1 1
github.com/aura/aura/internal/api/summaries.go:64.35,67.4 2 1
github.com/aura/aura/internal/api/summaries.go:70.3,70.32 1 1
github.com/aura/aura/internal/api/summaries.go:70.32,82.68 3 1
github.com/aura/aura/internal/api/summaries.go:82.68,85.5 1 0
github.com/aura/aura/internal/api/summaries.go:88.3,89.17 2 1
github.com/aura/aura/internal/api/summaries.go:89.17,90.54 1 0
github.com/aura/aura/internal/api/summaries.go:90.54,93.5 2 0
github.com/aura/aura/internal/api/summaries.go:94.4,95.10 2 0
github.com/aura/aura/internal/api/summaries.go:97.3,97.67 1 1
github.com/aura/aura/internal/api/summaries.go:101.56,102.54 1 1
github.com/aura/aura/internal/api/summaries.go:102.54,104.17 2 1
github.com/aura/aura/internal/api/summaries.go:104.17,107.4 2 0
github.com/aura/aura/internal/api/summaries.go:108.3,108.28 1 1
github.com/aura/aura/internal/api/summaries.go:108.28,111.4 2 0
github.com/aura/aura/internal/api/summaries.go:112.3,113.17 2 1
github.com/aura/aura/internal/api/summaries.go:113.17,114.54 1 1
github.com/aura/aura/internal/api/summaries.go:114.54,117.5 2 1
github.com/aura/aura/internal/api/summaries.go:118.4,118.54 1 0
github.com/aura/aura/internal/api/summaries.go:118.54,121.5 2 0
github.com/aura/aura/internal/api/summaries.go:122.4,123.10 2 0
github.com/aura/aura/internal/api/summaries.go:125.3,125.67 1 1
github.com/aura/aura/internal/api/summaries.go:129.54,132.16 3 1
github.com/aura/aura/internal/api/summaries.go:132.16,134.3 1 0
github.com/aura/aura/internal/api/summaries.go:135.2,135.16 1 1
github.com/aura/aura/internal/api/summaries.go:138.64,140.16 2 1
github.com/aura/aura/internal/api/summaries.go:140.16,142.3 1 0
github.com/aura/aura/internal/api/summaries.go:143.2,153.3 1 1
github.com/aura/aura/internal/api/tasks.go:11.49,12.54 1 1
github.com/aura/aura/internal/api/tasks.go:12.54,14.59 2 1
github.com/aura/aura/internal/api/tasks.go:14.59,17.4 2 1
github.com/aura/aura/internal/api/tasks.go:18.3,19.17 2 1
github.com/aura/aura/internal/api/tasks.go:19.17,23.4 3 0
github.com/aura/aura/internal/api/tasks.go:24.3,25.31 2 1
github.com/aura/aura/internal/api/tasks.go:25.31,27.4 1 1
github.com/aura/aura/internal/api/tasks.go:28.3,28.48 1 1
github.com/aura/aura/internal/api/tasks.go:32.48,33.54 1 1
github.com/aura/aura/internal/api/tasks.go:33.54,35.36 2 1
github.com/aura/aura/internal/api/tasks.go:35.36,38.4 2 1
github.com/aura/aura/internal/api/tasks.go:39.3,40.17 2 1
github.com/aura/aura/internal/api/tasks.go:40.17,41.37 1 1
github.com/aura/aura/internal/api/tasks.go:41.37,44.5 2 1
github.com/aura/aura/internal/api/tasks.go:45.4,47.10 3 0
github.com/aura/aura/internal/api/tasks.go:49.3,49.57 1 1
github.com/aura/aura/internal/api/tasks.go:53.38,67.28 2 1
github.com/aura/aura/internal/api/tasks.go:67.28,70.3 2 1
github.com/aura/aura/internal/api/tasks.go:71.2,71.27 1 1
github.com/aura/aura/internal/api/tasks.go:71.27,74.3 2 0
github.com/aura/aura/internal/api/tasks.go:75.2,75.12 1 1
github.com/aura/aura/internal/api/tasks.go:78.47,79.11 1 1
github.com/aura/aura/internal/api/tasks.go:80.103,81.14 1 1
github.com/aura/aura/internal/api/tasks.go:83.2,83.14 1 1
github.com/aura/aura/internal/api/tasks_write.go:29.51,30.54 1 1
github.com/aura/aura/internal/api/tasks_write.go:30.54,32.49 2 1
github.com/aura/aura/internal/api/tasks_write.go:32.49,33.30 1 1
github.com/aura/aura/internal/api/tasks_write.go:33.30,36.5 2 1
github.com/aura/aura/internal/api/tasks_write.go:37.4,38.10 2 0
github.com/aura/aura/internal/api/tasks_write.go:40.3,43.40 4 1
github.com/aura/aura/internal/api/tasks_write.go:43.40,46.4 2 1
github.com/aura/aura/internal/api/tasks_write.go:47.3,48.15 2 1
github.com/aura/aura/internal/api/tasks_write.go:49.62,49.62 0 1
github.com/aura/aura/internal/api/tasks_write.go:50.11,52.10 2 1
github.com/aura/aura/internal/api/tasks_write.go:54.3,54.42 1 1
github.com/aura/aura/internal/api/tasks_write.go:54.42,57.4 2 1
github.com/aura/aura/internal/api/tasks_write.go:58.3,58.81 1 1
github.com/aura/aura/internal/api/tasks_write.go:58.81,61.4 2 1
github.com/aura/aura/internal/api/tasks_write.go:63.3,64.17 2 1
github.com/aura/aura/internal/api/tasks_write.go:64.17,66.4 1 1
github.com/aura/aura/internal/api/tasks_write.go:67.3,77.19 3 1
github.com/aura/aura/internal/api/tasks_write.go:77.19,79.18 2 1
github.com/aura/aura/internal/api/tasks_write.go:79.18,82.5 2 0
github.com/aura/aura/internal/api/tasks_write.go:83.4,84.22 2 1
github.com/aura/aura/internal/api/tasks_write.go:84.22,87.5 2 1
github.com/aura/aura/internal/api/tasks_write.go:88.4,90.23 3 1
github.com/aura/aura/internal/api/tasks_write.go:91.9,93.18 2 1
github.com/aura/aura/internal/api/tasks_write.go:93.18,96.5 2 1
github.com/aura/aura/internal/api/tasks_write.go:97.4,99.25 3 1
github.com/aura/aura/internal/api/tasks_write.go:102.3,105.17 4 1
github.com/aura/aura/internal/api/tasks_write.go:105.17,109.4 3 0
github.com/aura/aura/internal/api/tasks_write.go:110.3,110.59 1 1
github.com/aura/aura/internal/api/tasks_write.go:114.51,115.54 1 1
github.com/aura/aura/internal/api/tasks_write.go:115.54,117.36 2 1
github.com/aura/aura/internal/api/tasks_write.go:117.36,120.4 2 1
github.com/aura/aura/internal/api/tasks_write.go:121.3,124.17 4 1
github.com/aura/aura/internal/api/tasks_write.go:124.17,128.4 3 0
github.com/aura/aura/internal/api/tasks_write.go:129.3,129.10 1 1
github.com/aura/aura/internal/api/tasks_write.go:129.10,134.19 2 1
github.com/aura/aura/internal/api/tasks_write.go:134.19,135.39 1 1
github.com/aura/aura/internal/api/tasks_write.go:135.39,138.6 2 1
github.com/aura/aura/internal/api/tasks_write.go:139.5,140.11 2 0
github.com/aura/aura/internal/api/tasks_write.go:142.4,144.10 2 1
github.com/aura/aura/internal/api/tasks_write.go:146.3,147.17 2 1
github.com/aura/aura/internal/api/tasks_write.go:147.17,151.4 3 0
github.com/aura/aura/internal/api/tasks_write.go:152.3,152.57 1 1
github.com/aura/aura/internal/api/upload.go:43.53,44.54 1 1
github.com/aura/aura/internal/api/upload.go:44.54,45.26 1 0
github.com/aura/aura/internal/api/upload.go:45.26,48.4 2 0
github.com/aura/aura/internal/api/upload.go:50.3,51.17 2 0
github.com/aura/aura/internal/api/upload.go:51.17,53.4 1 0
github.com/aura/aura/internal/api/upload.go:54.3,59.56 3 0
github.com/aura/aura/internal/api/upload.go:59.56,62.4 2 0
github.com/aura/aura/internal/api/upload.go:64.3,65.17 2 0
github.com/aura/aura/internal/api/upload.go:65.17,68.4 2 0
github.com/aura/aura/internal/api/upload.go:69.3,72.60 3 0
github.com/aura/aura/internal/api/upload.go:72.60,75.4 2 0
github.com/aura/aura/internal/api/upload.go:76.3,76.29 1 0
github.com/aura/aura/internal/api/upload.go:76.29,80.4 2 0
github.com/aura/aura/internal/api/upload.go:82.3,83.17 2 0
github.com/aura/aura/internal/api/upload.go:83.17,86.4 2 0
github.com/aura/aura/internal/api/upload.go:87.3,87.21 1 0
github.com/aura/aura/internal/api/upload.go:87.21,90.4 2 0
github.com/aura/aura/internal/api/upload.go:93.3,99.17 2 0
github.com/aura/aura/internal/api/upload.go:99.17,103.4 3 0
github.com/aura/aura/internal/api/upload.go:105.3,114.10 2 0
github.com/aura/aura/internal/api/upload.go:114.10,118.4 3 0
github.com/aura/aura/internal/api/upload.go:121.3,121.22 1 0
github.com/aura/aura/internal/api/upload.go:121.22,125.4 3 0
github.com/aura/aura/internal/api/upload.go:127.3,130.17 4 0
github.com/aura/aura/internal/api/upload.go:130.17,138.4 7 0
github.com/aura/aura/internal/api/upload.go:141.3,146.87 2 0
github.com/aura/aura/internal/api/upload.go:146.87,149.4 2 0
github.com/aura/aura/internal/api/upload.go:150.3,150.93 1 0
github.com/aura/aura/internal/api/upload.go:150.93,153.4 2 0
github.com/aura/aura/internal/api/upload.go:155.3,156.87 2 0
github.com/aura/aura/internal/api/upload.go:156.87,158.4 1 0
github.com/aura/aura/internal/api/upload.go:161.3,161.76 1 0
github.com/aura/aura/internal/api/upload.go:161.76,166.4 4 0
github.com/aura/aura/internal/api/upload.go:167.3,167.17 1 0
github.com/aura/aura/internal/api/upload.go:167.17,170.4 2 0
github.com/aura/aura/internal/api/upload.go:171.3,175.25 3 0
github.com/aura/aura/internal/api/upload.go:175.25,179.18 4 0
github.com/aura/aura/internal/api/upload.go:179.18,182.5 2 0
github.com/aura/aura/internal/api/upload.go:182.10,185.61 2 0
github.com/aura/aura/internal/api/upload.go:185.61,188.6 2 0
github.com/aura/aura/internal/api/upload.go:189.5,189.77 1 0
github.com/aura/aura/internal/api/upload.go:191.9,193.4 1 0
github.com/aura/aura/internal/api/upload.go:195.3,195.49 1 0
github.com/aura/aura/internal/api/upload.go:203.41,205.16 2 0
github.com/aura/aura/internal/api/upload.go:205.16,207.3 1 0
github.com/aura/aura/internal/api/upload.go:208.2,208.43 1 0
github.com/aura/aura/internal/api/upload.go:208.43,209.53 1 0
github.com/aura/aura/internal/api/upload.go:209.53,211.4 1 0
github.com/aura/aura/internal/api/upload.go:212.3,212.11 1 0
github.com/aura/aura/internal/api/upload.go:214.2,214.23 1 0
github.com/aura/aura/internal/api/upload.go:214.23,216.3 1 0
github.com/aura/aura/internal/api/upload.go:217.2,217.16 1 0
github.com/aura/aura/internal/api/upload.go:223.116,227.9 2 0
github.com/aura/aura/internal/api/upload.go:227.9,229.3 1 0
github.com/aura/aura/internal/api/upload.go:230.2,230.53 1 0
github.com/aura/aura/internal/api/upload.go:230.53,234.3 3 0
github.com/aura/aura/internal/api/upload.go:240.79,242.16 2 0
github.com/aura/aura/internal/api/upload.go:242.16,244.3 1 0
github.com/aura/aura/internal/api/upload.go:245.2,245.40 1 0
github.com/aura/aura/internal/api/wiki.go:20.50,21.54 1 1
github.com/aura/aura/internal/api/wiki.go:21.54,23.17 2 1
github.com/aura/aura/internal/api/wiki.go:23.17,27.4 3 0
github.com/aura/aura/internal/api/wiki.go:29.3,29.45 1 1
github.com/aura/aura/internal/api/wiki.go:29.45,30.54 1 1
github.com/aura/aura/internal/api/wiki.go:30.54,32.5 1 1
github.com/aura/aura/internal/api/wiki.go:33.4,33.48 1 1
github.com/aura/aura/internal/api/wiki.go:35.3,35.54 1 1
github.com/aura/aura/internal/api/wiki.go:39.49,40.54 1 1
github.com/aura/aura/internal/api/wiki.go:40.54,42.17 2 1
github.com/aura/aura/internal/api/wiki.go:42.17,45.4 2 1
github.com/aura/aura/internal/api/wiki.go:48.3,48.25 1 1
github.com/aura/aura/internal/api/wiki.go:48.25,51.4 2 1
github.com/aura/aura/internal/api/wiki.go:52.3,53.17 2 1
github.com/aura/aura/internal/api/wiki.go:53.17,54.87 1 1
github.com/aura/aura/internal/api/wiki.go:54.87,57.5 2 1
github.com/aura/aura/internal/api/wiki.go:58.4,60.10 3 0
github.com/aura/aura/internal/api/wiki.go:62.3,62.40 1 1
github.com/aura/aura/internal/api/wiki.go:62.40,65.4 2 0
github.com/aura/aura/internal/api/wiki.go:66.3,71.5 1 1
github.com/aura/aura/internal/api/wiki.go:75.50,76.54 1 1
github.com/aura/aura/internal/api/wiki.go:76.54,78.17 2 1
github.com/aura/aura/internal/api/wiki.go:78.17,82.4 3 0
github.com/aura/aura/internal/api/wiki.go:83.3,84.27 2 1
github.com/aura/aura/internal/api/wiki.go:84.27,86.4 1 1
github.com/aura/aura/internal/api/wiki.go:87.3,89.30 3 1
github.com/aura/aura/internal/api/wiki.go:89.30,91.18 2 1
github.com/aura/aura/internal/api/wiki.go:91.18,93.13 2 0
github.com/aura/aura/internal/api/wiki.go:95.4,97.60 3 1
github.com/aura/aura/internal/api/wiki.go:97.60,98.57 1 1
github.com/aura/aura/internal/api/wiki.go:98.57,99.14 1 1
github.com/aura/aura/internal/api/wiki.go:101.5,102.85 2 1
github.com/aura/aura/internal/api/wiki.go:104.4,104.40 1 1
github.com/aura/aura/internal/api/wiki.go:104.40,105.57 1 1
github.com/aura/aura/internal/api/wiki.go:105.57,106.14 1 1
github.com/aura/aura/internal/api/wiki.go:108.5,109.84 2 0
github.com/aura/aura/internal/api/wiki.go:112.3,112.41 1 1
github.com/aura/aura/internal/api/wiki.go:112.41,112.77 1 1
github.com/aura/aura/internal/api/wiki.go:113.3,113.41 1 1
github.com/aura/aura/internal/api/wiki.go:113.41,114.42 1 1
github.com/aura/aura/internal/api/wiki.go:114.42,116.5 1 1
github.com/aura/aura/internal/api/wiki.go:117.4,117.44 1 0
github.com/aura/aura/internal/api/wiki.go:119.3,119.78 1 1
github.com/aura/aura/internal/api/wiki.go:123.68,125.16 2 1
github.com/aura/aura/internal/api/wiki.go:125.16,127.3 1 0
github.com/aura/aura/internal/api/wiki.go:128.2,129.29 2 1
github.com/aura/aura/internal/api/wiki.go:129.29,131.17 2 1
github.com/aura/aura/internal/api/wiki.go:131.17,133.12 1 0
github.com/aura/aura/internal/api/wiki.go:135.3,141.5 1 1
github.com/aura/aura/internal/api/wiki.go:143.2,143.17 1 1
github.com/aura/aura/internal/api/wiki.go:146.51,154.22 2 1
github.com/aura/aura/internal/api/wiki.go:154.22,156.3 1 1
github.com/aura/aura/internal/api/wiki.go:157.2,157.21 1 1
github.com/aura/aura/internal/api/wiki.go:157.21,159.3 1 0
github.com/aura/aura/internal/api/wiki.go:160.2,160.24 1 1
github.com/aura/aura/internal/api/wiki.go:160.24,162.3 1 1
github.com/aura/aura/internal/api/wiki.go:163.2,163.24 1 1
github.com/aura/aura/internal/api/wiki.go:163.24,165.3 1 0
github.com/aura/aura/internal/api/wiki.go:166.2,166.11 1 1
github.com/aura/aura/internal/api/wiki.go:171.36,172.13 1 1
github.com/aura/aura/internal/api/wiki.go:172.13,174.3 1 0
github.com/aura/aura/internal/api/wiki.go:175.2,176.16 2 1
github.com/aura/aura/internal/api/wiki.go:176.16,178.3 1 0
github.com/aura/aura/internal/api/wiki.go:179.2,179.16 1 1
github.com/aura/aura/internal/api/wiki.go:184.33,185.29 1 1
github.com/aura/aura/internal/api/wiki.go:185.29,187.3 1 0
github.com/aura/aura/internal/api/wiki.go:188.2,188.22 1 1
github.com/aura/aura/internal/api/wiki.go:188.22,189.10 1 1
github.com/aura/aura/internal/api/wiki.go:190.29,190.29 0 1
github.com/aura/aura/internal/api/wiki.go:191.29,191.29 0 0
github.com/aura/aura/internal/api/wiki.go:192.17,192.17 0 1
github.com/aura/aura/internal/api/wiki.go:193.11,194.16 1 1
github.com/aura/aura/internal/api/wiki.go:197.2,197.13 1 1
github.com/aura/aura/internal/api/wiki.go:202.53,204.16 2 1
github.com/aura/aura/internal/api/wiki.go:204.16,206.3 1 0
github.com/aura/aura/internal/api/wiki.go:207.2,208.28 2 1
github.com/aura/aura/internal/api/wiki.go:208.28,209.16 1 1
github.com/aura/aura/internal/api/wiki.go:209.16,210.12 1 1
github.com/aura/aura/internal/api/wiki.go:212.3,212.38 1 1
github.com/aura/aura/internal/api/wiki.go:212.38,213.12 1 0
github.com/aura/aura/internal/api/wiki.go:215.3,216.17 2 1
github.com/aura/aura/internal/api/wiki.go:216.17,217.12 1 0
github.com/aura/aura/internal/api/wiki.go:219.3,219.35 1 1
github.com/aura/aura/internal/api/wiki.go:219.35,221.4 1 1
github.com/aura/aura/internal/api/wiki.go:223.2,223.26 1 1
github.com/aura/aura/internal/api/wiki_write.go:33.52,34.54 1 1
github.com/aura/aura/internal/api/wiki_write.go:34.54,36.10 2 1
github.com/aura/aura/internal/api/wiki_write.go:36.10,39.4 2 0
github.com/aura/aura/internal/api/wiki_write.go:40.3,41.71 2 1
github.com/aura/aura/internal/api/wiki_write.go:45.54,46.54 1 1
github.com/aura/aura/internal/api/wiki_write.go:46.54,48.49 2 1
github.com/aura/aura/internal/api/wiki_write.go:48.49,49.30 1 1
github.com/aura/aura/internal/api/wiki_write.go:49.30,52.5 2 1
github.com/aura/aura/internal/api/wiki_write.go:53.4,54.10 2 1
github.com/aura/aura/internal/api/wiki_write.go:56.3,58.23 3 1
github.com/aura/aura/internal/api/wiki_write.go:58.23,61.4 2 1
github.com/aura/aura/internal/api/wiki_write.go:62.3,62.43 1 1
github.com/aura/aura/internal/api/wiki_write.go:62.43,65.4 2 1
github.com/aura/aura/internal/api/wiki_write.go:66.3,66.56 1 1
github.com/aura/aura/internal/api/wiki_write.go:66.56,69.4 2 1
github.com/aura/aura/internal/api/wiki_write.go:70.3,71.10 2 1
github.com/aura/aura/internal/api/wiki_write.go:71.10,74.4 2 0
github.com/aura/aura/internal/api/wiki_write.go:75.3,76.71 2 1
